  Assembling SyscallsStubs.asm...
  Syscalls.c
  WjCryptLib_Aes.c
  正在生成代码...
  Sysenter.cpp
D:\projects\ShellCodeFrame\XShellCodeLoaderSysenter\Sysenter.cpp(18,5): warning C4838: 从“int”转换到“char”需要收缩转换
D:\projects\ShellCodeFrame\XShellCodeLoaderSysenter\Sysenter.cpp(18,5): warning C4309: “初始化”: 截断常量值
D:\projects\ShellCodeFrame\XShellCodeLoaderSysenter\Sysenter.cpp(18,11): warning C4838: 从“int”转换到“char”需要收缩转换
D:\projects\ShellCodeFrame\XShellCodeLoaderSysenter\Sysenter.cpp(18,11): warning C4309: “初始化”: 截断常量值
D:\projects\ShellCodeFrame\XShellCodeLoaderSysenter\Sysenter.cpp(18,17): warning C4838: 从“int”转换到“char”需要收缩转换
D:\projects\ShellCodeFrame\XShellCodeLoaderSysenter\Sysenter.cpp(18,17): warning C4309: “初始化”: 截断常量值
D:\projects\ShellCodeFrame\XShellCodeLoaderSysenter\Sysenter.cpp(18,23): warning C4838: 从“int”转换到“char”需要收缩转换
D:\projects\ShellCodeFrame\XShellCodeLoaderSysenter\Sysenter.cpp(18,23): warning C4309: “初始化”: 截断常量值
D:\projects\ShellCodeFrame\XShellCodeLoaderSysenter\Sysenter.cpp(18,41): warning C4838: 从“int”转换到“char”需要收缩转换
D:\projects\ShellCodeFrame\XShellCodeLoaderSysenter\Sysenter.cpp(18,41): warning C4309: “初始化”: 截断常量值
D:\projects\ShellCodeFrame\XShellCodeLoaderSysenter\Sysenter.cpp(18,47): warning C4838: 从“int”转换到“char”需要收缩转换
D:\projects\ShellCodeFrame\XShellCodeLoaderSysenter\Sysenter.cpp(18,47): warning C4309: “初始化”: 截断常量值
D:\projects\ShellCodeFrame\XShellCodeLoaderSysenter\Sysenter.cpp(18,53): warning C4838: 从“int”转换到“char”需要收缩转换
D:\projects\ShellCodeFrame\XShellCodeLoaderSysenter\Sysenter.cpp(18,53): warning C4309: “初始化”: 截断常量值
D:\projects\ShellCodeFrame\XShellCodeLoaderSysenter\Sysenter.cpp(18,59): warning C4838: 从“int”转换到“char”需要收缩转换
D:\projects\ShellCodeFrame\XShellCodeLoaderSysenter\Sysenter.cpp(18,59): warning C4309: “初始化”: 截断常量值
D:\projects\ShellCodeFrame\XShellCodeLoaderSysenter\Sysenter.cpp(18,65): warning C4838: 从“int”转换到“char”需要收缩转换
D:\projects\ShellCodeFrame\XShellCodeLoaderSysenter\Sysenter.cpp(18,65): warning C4309: “初始化”: 截断常量值
D:\projects\ShellCodeFrame\XShellCodeLoaderSysenter\Sysenter.cpp(18,71): warning C4838: 从“int”转换到“char”需要收缩转换
D:\projects\ShellCodeFrame\XShellCodeLoaderSysenter\Sysenter.cpp(18,71): warning C4309: “初始化”: 截断常量值
D:\projects\ShellCodeFrame\XShellCodeLoaderSysenter\Sysenter.cpp(18,77): warning C4838: 从“int”转换到“char”需要收缩转换
D:\projects\ShellCodeFrame\XShellCodeLoaderSysenter\Sysenter.cpp(18,77): warning C4309: “初始化”: 截断常量值
D:\projects\ShellCodeFrame\XShellCodeLoaderSysenter\Sysenter.cpp(18,89): warning C4838: 从“int”转换到“char”需要收缩转换
D:\projects\ShellCodeFrame\XShellCodeLoaderSysenter\Sysenter.cpp(18,89): warning C4309: “初始化”: 截断常量值
D:\projects\ShellCodeFrame\XShellCodeLoaderSysenter\Sysenter.cpp(18,95): warning C4838: 从“int”转换到“char”需要收缩转换
D:\projects\ShellCodeFrame\XShellCodeLoaderSysenter\Sysenter.cpp(18,95): warning C4309: “初始化”: 截断常量值
D:\projects\ShellCodeFrame\XShellCodeLoaderSysenter\Sysenter.cpp(19,5): warning C4838: 从“int”转换到“char”需要收缩转换
D:\projects\ShellCodeFrame\XShellCodeLoaderSysenter\Sysenter.cpp(19,5): warning C4309: “初始化”: 截断常量值
D:\projects\ShellCodeFrame\XShellCodeLoaderSysenter\Sysenter.cpp(19,17): warning C4838: 从“int”转换到“char”需要收缩转换
D:\projects\ShellCodeFrame\XShellCodeLoaderSysenter\Sysenter.cpp(19,17): warning C4309: “初始化”: 截断常量值
D:\projects\ShellCodeFrame\XShellCodeLoaderSysenter\Sysenter.cpp(19,23): warning C4838: 从“int”转换到“char”需要收缩转换
D:\projects\ShellCodeFrame\XShellCodeLoaderSysenter\Sysenter.cpp(19,23): warning C4309: “初始化”: 截断常量值
D:\projects\ShellCodeFrame\XShellCodeLoaderSysenter\Sysenter.cpp(19,29): warning C4838: 从“int”转换到“char”需要收缩转换
D:\projects\ShellCodeFrame\XShellCodeLoaderSysenter\Sysenter.cpp(19,29): warning C4309: “初始化”: 截断常量值
D:\projects\ShellCodeFrame\XShellCodeLoaderSysenter\Sysenter.cpp(19,41): warning C4838: 从“int”转换到“char”需要收缩转换
D:\projects\ShellCodeFrame\XShellCodeLoaderSysenter\Sysenter.cpp(19,41): warning C4309: “初始化”: 截断常量值
D:\projects\ShellCodeFrame\XShellCodeLoaderSysenter\Sysenter.cpp(19,47): warning C4838: 从“int”转换到“char”需要收缩转换
D:\projects\ShellCodeFrame\XShellCodeLoaderSysenter\Sysenter.cpp(19,47): warning C4309: “初始化”: 截断常量值
D:\projects\ShellCodeFrame\XShellCodeLoaderSysenter\Sysenter.cpp(19,53): warning C4838: 从“int”转换到“char”需要收缩转换
D:\projects\ShellCodeFrame\XShellCodeLoaderSysenter\Sysenter.cpp(19,53): warning C4309: “初始化”: 截断常量值
D:\projects\ShellCodeFrame\XShellCodeLoaderSysenter\Sysenter.cpp(19,59): warning C4838: 从“int”转换到“char”需要收缩转换
D:\projects\ShellCodeFrame\XShellCodeLoaderSysenter\Sysenter.cpp(19,59): warning C4309: “初始化”: 截断常量值
D:\projects\ShellCodeFrame\XShellCodeLoaderSysenter\Sysenter.cpp(19,65): warning C4838: 从“int”转换到“char”需要收缩转换
D:\projects\ShellCodeFrame\XShellCodeLoaderSysenter\Sysenter.cpp(19,65): warning C4309: “初始化”: 截断常量值
D:\projects\ShellCodeFrame\XShellCodeLoaderSysenter\Sysenter.cpp(19,71): warning C4838: 从“int”转换到“char”需要收缩转换
D:\projects\ShellCodeFrame\XShellCodeLoaderSysenter\Sysenter.cpp(19,71): warning C4309: “初始化”: 截断常量值
D:\projects\ShellCodeFrame\XShellCodeLoaderSysenter\Sysenter.cpp(19,77): warning C4838: 从“int”转换到“char”需要收缩转换
D:\projects\ShellCodeFrame\XShellCodeLoaderSysenter\Sysenter.cpp(19,77): warning C4309: “初始化”: 截断常量值
D:\projects\ShellCodeFrame\XShellCodeLoaderSysenter\Sysenter.cpp(19,83): warning C4838: 从“int”转换到“char”需要收缩转换
D:\projects\ShellCodeFrame\XShellCodeLoaderSysenter\Sysenter.cpp(19,83): warning C4309: “初始化”: 截断常量值
D:\projects\ShellCodeFrame\XShellCodeLoaderSysenter\Sysenter.cpp(19,95): warning C4838: 从“int”转换到“char”需要收缩转换
D:\projects\ShellCodeFrame\XShellCodeLoaderSysenter\Sysenter.cpp(19,95): warning C4309: “初始化”: 截断常量值
D:\projects\ShellCodeFrame\XShellCodeLoaderSysenter\Sysenter.cpp(20,5): warning C4838: 从“int”转换到“char”需要收缩转换
D:\projects\ShellCodeFrame\XShellCodeLoaderSysenter\Sysenter.cpp(20,5): warning C4309: “初始化”: 截断常量值
D:\projects\ShellCodeFrame\XShellCodeLoaderSysenter\Sysenter.cpp(20,23): warning C4838: 从“int”转换到“char”需要收缩转换
D:\projects\ShellCodeFrame\XShellCodeLoaderSysenter\Sysenter.cpp(20,23): warning C4309: “初始化”: 截断常量值
D:\projects\ShellCodeFrame\XShellCodeLoaderSysenter\Sysenter.cpp(20,29): warning C4838: 从“int”转换到“char”需要收缩转换
D:\projects\ShellCodeFrame\XShellCodeLoaderSysenter\Sysenter.cpp(20,29): warning C4309: “初始化”: 截断常量值
D:\projects\ShellCodeFrame\XShellCodeLoaderSysenter\Sysenter.cpp(20,41): warning C4838: 从“int”转换到“char”需要收缩转换
D:\projects\ShellCodeFrame\XShellCodeLoaderSysenter\Sysenter.cpp(20,41): warning C4309: “初始化”: 截断常量值
D:\projects\ShellCodeFrame\XShellCodeLoaderSysenter\Sysenter.cpp(20,47): warning C4838: 从“int”转换到“char”需要收缩转换
D:\projects\ShellCodeFrame\XShellCodeLoaderSysenter\Sysenter.cpp(20,47): warning C4309: “初始化”: 截断常量值
D:\projects\ShellCodeFrame\XShellCodeLoaderSysenter\Sysenter.cpp(20,53): warning C4838: 从“int”转换到“char”需要收缩转换
D:\projects\ShellCodeFrame\XShellCodeLoaderSysenter\Sysenter.cpp(20,53): warning C4309: “初始化”: 截断常量值
D:\projects\ShellCodeFrame\XShellCodeLoaderSysenter\Sysenter.cpp(20,71): warning C4838: 从“int”转换到“char”需要收缩转换
D:\projects\ShellCodeFrame\XShellCodeLoaderSysenter\Sysenter.cpp(20,71): warning C4309: “初始化”: 截断常量值
D:\projects\ShellCodeFrame\XShellCodeLoaderSysenter\Sysenter.cpp(20,77): warning C4838: 从“int”转换到“char”需要收缩转换
D:\projects\ShellCodeFrame\XShellCodeLoaderSysenter\Sysenter.cpp(20,77): warning C4309: “初始化”: 截断常量值
D:\projects\ShellCodeFrame\XShellCodeLoaderSysenter\Sysenter.cpp(20,95): warning C4838: 从“int”转换到“char”需要收缩转换
D:\projects\ShellCodeFrame\XShellCodeLoaderSysenter\Sysenter.cpp(20,95): warning C4309: “初始化”: 截断常量值
D:\projects\ShellCodeFrame\XShellCodeLoaderSysenter\Sysenter.cpp(21,5): warning C4838: 从“int”转换到“char”需要收缩转换
D:\projects\ShellCodeFrame\XShellCodeLoaderSysenter\Sysenter.cpp(21,5): warning C4309: “初始化”: 截断常量值
D:\projects\ShellCodeFrame\XShellCodeLoaderSysenter\Sysenter.cpp(21,17): warning C4838: 从“int”转换到“char”需要收缩转换
D:\projects\ShellCodeFrame\XShellCodeLoaderSysenter\Sysenter.cpp(21,17): warning C4309: “初始化”: 截断常量值
D:\projects\ShellCodeFrame\XShellCodeLoaderSysenter\Sysenter.cpp(21,41): warning C4838: 从“int”转换到“char”需要收缩转换
D:\projects\ShellCodeFrame\XShellCodeLoaderSysenter\Sysenter.cpp(21,41): warning C4309: “初始化”: 截断常量值
D:\projects\ShellCodeFrame\XShellCodeLoaderSysenter\Sysenter.cpp(21,53): warning C4838: 从“int”转换到“char”需要收缩转换
D:\projects\ShellCodeFrame\XShellCodeLoaderSysenter\Sysenter.cpp(21,53): warning C4309: “初始化”: 截断常量值
D:\projects\ShellCodeFrame\XShellCodeLoaderSysenter\Sysenter.cpp(21,59): warning C4838: 从“int”转换到“char”需要收缩转换
D:\projects\ShellCodeFrame\XShellCodeLoaderSysenter\Sysenter.cpp(21,59): warning C4309: “初始化”: 截断常量值
D:\projects\ShellCodeFrame\XShellCodeLoaderSysenter\Sysenter.cpp(21,71): warning C4838: 从“int”转换到“char”需要收缩转换
D:\projects\ShellCodeFrame\XShellCodeLoaderSysenter\Sysenter.cpp(21,71): warning C4309: “初始化”: 截断常量值
D:\projects\ShellCodeFrame\XShellCodeLoaderSysenter\Sysenter.cpp(21,77): warning C4838: 从“int”转换到“char”需要收缩转换
D:\projects\ShellCodeFrame\XShellCodeLoaderSysenter\Sysenter.cpp(21,77): warning C4309: “初始化”: 截断常量值
D:\projects\ShellCodeFrame\XShellCodeLoaderSysenter\Sysenter.cpp(21,89): warning C4838: 从“int”转换到“char”需要收缩转换
D:\projects\ShellCodeFrame\XShellCodeLoaderSysenter\Sysenter.cpp(21,89): warning C4309: “初始化”: 截断常量值
D:\projects\ShellCodeFrame\XShellCodeLoaderSysenter\Sysenter.cpp(22,5): warning C4838: 从“int”转换到“char”需要收缩转换
D:\projects\ShellCodeFrame\XShellCodeLoaderSysenter\Sysenter.cpp(22,5): warning C4309: “初始化”: 截断常量值
D:\projects\ShellCodeFrame\XShellCodeLoaderSysenter\Sysenter.cpp(22,23): warning C4838: 从“int”转换到“char”需要收缩转换
D:\projects\ShellCodeFrame\XShellCodeLoaderSysenter\Sysenter.cpp(22,23): warning C4309: “初始化”: 截断常量值
D:\projects\ShellCodeFrame\XShellCodeLoaderSysenter\Sysenter.cpp(22,35): warning C4838: 从“int”转换到“char”需要收缩转换
D:\projects\ShellCodeFrame\XShellCodeLoaderSysenter\Sysenter.cpp(22,35): warning C4309: “初始化”: 截断常量值
D:\projects\ShellCodeFrame\XShellCodeLoaderSysenter\Sysenter.cpp(22,47): warning C4838: 从“int”转换到“char”需要收缩转换
D:\projects\ShellCodeFrame\XShellCodeLoaderSysenter\Sysenter.cpp(22,47): warning C4309: “初始化”: 截断常量值
D:\projects\ShellCodeFrame\XShellCodeLoaderSysenter\Sysenter.cpp(22,53): warning C4838: 从“int”转换到“char”需要收缩转换
D:\projects\ShellCodeFrame\XShellCodeLoaderSysenter\Sysenter.cpp(22,53): warning C4309: “初始化”: 截断常量值
D:\projects\ShellCodeFrame\XShellCodeLoaderSysenter\Sysenter.cpp(22,65): warning C4838: 从“int”转换到“char”需要收缩转换
D:\projects\ShellCodeFrame\XShellCodeLoaderSysenter\Sysenter.cpp(22,65): warning C4309: “初始化”: 截断常量值
D:\projects\ShellCodeFrame\XShellCodeLoaderSysenter\Sysenter.cpp(22,71): warning C4838: 从“int”转换到“char”需要收缩转换
D:\projects\ShellCodeFrame\XShellCodeLoaderSysenter\Sysenter.cpp(22,71): warning C4309: “初始化”: 截断常量值
D:\projects\ShellCodeFrame\XShellCodeLoaderSysenter\Sysenter.cpp(22,89): warning C4838: 从“int”转换到“char”需要收缩转换
D:\projects\ShellCodeFrame\XShellCodeLoaderSysenter\Sysenter.cpp(22,89): warning C4309: “初始化”: 截断常量值
D:\projects\ShellCodeFrame\XShellCodeLoaderSysenter\Sysenter.cpp(22,95): warning C4838: 从“int”转换到“char”需要收缩转换
D:\projects\ShellCodeFrame\XShellCodeLoaderSysenter\Sysenter.cpp(22,95): warning C4309: “初始化”: 截断常量值
D:\projects\ShellCodeFrame\XShellCodeLoaderSysenter\Sysenter.cpp(23,11): warning C4838: 从“int”转换到“char”需要收缩转换
D:\projects\ShellCodeFrame\XShellCodeLoaderSysenter\Sysenter.cpp(23,11): warning C4309: “初始化”: 截断常量值
D:\projects\ShellCodeFrame\XShellCodeLoaderSysenter\Sysenter.cpp(23,23): warning C4838: 从“int”转换到“char”需要收缩转换
D:\projects\ShellCodeFrame\XShellCodeLoaderSysenter\Sysenter.cpp(23,23): warning C4309: “初始化”: 截断常量值
D:\projects\ShellCodeFrame\XShellCodeLoaderSysenter\Sysenter.cpp(23,35): warning C4838: 从“int”转换到“char”需要收缩转换
D:\projects\ShellCodeFrame\XShellCodeLoaderSysenter\Sysenter.cpp(23,35): warning C4309: “初始化”: 截断常量值
D:\projects\ShellCodeFrame\XShellCodeLoaderSysenter\Sysenter.cpp(23,53): warning C4838: 从“int”转换到“char”需要收缩转换
D:\projects\ShellCodeFrame\XShellCodeLoaderSysenter\Sysenter.cpp(23,53): warning C4309: “初始化”: 截断常量值
D:\projects\ShellCodeFrame\XShellCodeLoaderSysenter\Sysenter.cpp(23,59): warning C4838: 从“int”转换到“char”需要收缩转换
D:\projects\ShellCodeFrame\XShellCodeLoaderSysenter\Sysenter.cpp(23,59): warning C4309: “初始化”: 截断常量值
D:\projects\ShellCodeFrame\XShellCodeLoaderSysenter\Sysenter.cpp(23,65): warning C4838: 从“int”转换到“char”需要收缩转换
D:\projects\ShellCodeFrame\XShellCodeLoaderSysenter\Sysenter.cpp(23,65): warning C4309: “初始化”: 截断常量值
D:\projects\ShellCodeFrame\XShellCodeLoaderSysenter\Sysenter.cpp(23,71): warning C4838: 从“int”转换到“char”需要收缩转换
D:\projects\ShellCodeFrame\XShellCodeLoaderSysenter\Sysenter.cpp(23,71): warning C4309: “初始化”: 截断常量值
D:\projects\ShellCodeFrame\XShellCodeLoaderSysenter\Sysenter.cpp(23,77): warning C4838: 从“int”转换到“char”需要收缩转换
D:\projects\ShellCodeFrame\XShellCodeLoaderSysenter\Sysenter.cpp(23,77): warning C4309: “初始化”: 截断常量值
D:\projects\ShellCodeFrame\XShellCodeLoaderSysenter\Sysenter.cpp(23,89): warning C4838: 从“int”转换到“char”需要收缩转换
D:\projects\ShellCodeFrame\XShellCodeLoaderSysenter\Sysenter.cpp(23,89): warning C4309: “初始化”: 截断常量值
D:\projects\ShellCodeFrame\XShellCodeLoaderSysenter\Sysenter.cpp(24,17): warning C4838: 从“int”转换到“char”需要收缩转换
D:\projects\ShellCodeFrame\XShellCodeLoaderSysenter\Sysenter.cpp(24,17): warning C4309: “初始化”: 截断常量值
D:\projects\ShellCodeFrame\XShellCodeLoaderSysenter\Sysenter.cpp(24,23): warning C4838: 从“int”转换到“char”需要收缩转换
D:\projects\ShellCodeFrame\XShellCodeLoaderSysenter\Sysenter.cpp(24,23): warning C4309: “初始化”: 截断常量值
D:\projects\ShellCodeFrame\XShellCodeLoaderSysenter\Sysenter.cpp(24,41): warning C4838: 从“int”转换到“char”需要收缩转换
D:\projects\ShellCodeFrame\XShellCodeLoaderSysenter\Sysenter.cpp(24,41): warning C4309: “初始化”: 截断常量值
D:\projects\ShellCodeFrame\XShellCodeLoaderSysenter\Sysenter.cpp(24,47): warning C4838: 从“int”转换到“char”需要收缩转换
D:\projects\ShellCodeFrame\XShellCodeLoaderSysenter\Sysenter.cpp(24,47): warning C4309: “初始化”: 截断常量值
D:\projects\ShellCodeFrame\XShellCodeLoaderSysenter\Sysenter.cpp(24,53): warning C4838: 从“int”转换到“char”需要收缩转换
D:\projects\ShellCodeFrame\XShellCodeLoaderSysenter\Sysenter.cpp(24,53): warning C4309: “初始化”: 截断常量值
D:\projects\ShellCodeFrame\XShellCodeLoaderSysenter\Sysenter.cpp(24,71): warning C4838: 从“int”转换到“char”需要收缩转换
D:\projects\ShellCodeFrame\XShellCodeLoaderSysenter\Sysenter.cpp(24,71): warning C4309: “初始化”: 截断常量值
D:\projects\ShellCodeFrame\XShellCodeLoaderSysenter\Sysenter.cpp(24,77): warning C4838: 从“int”转换到“char”需要收缩转换
D:\projects\ShellCodeFrame\XShellCodeLoaderSysenter\Sysenter.cpp(24,77): warning C4309: “初始化”: 截断常量值
D:\projects\ShellCodeFrame\XShellCodeLoaderSysenter\Sysenter.cpp(25,23): warning C4838: 从“int”转换到“char”需要收缩转换
D:\projects\ShellCodeFrame\XShellCodeLoaderSysenter\Sysenter.cpp(25,23): warning C4309: “初始化”: 截断常量值
D:\projects\ShellCodeFrame\XShellCodeLoaderSysenter\Sysenter.cpp(25,29): warning C4838: 从“int”转换到“char”需要收缩转换
D:\projects\ShellCodeFrame\XShellCodeLoaderSysenter\Sysenter.cpp(25,29): warning C4309: “初始化”: 截断常量值
D:\projects\ShellCodeFrame\XShellCodeLoaderSysenter\Sysenter.cpp(25,35): warning C4838: 从“int”转换到“char”需要收缩转换
D:\projects\ShellCodeFrame\XShellCodeLoaderSysenter\Sysenter.cpp(25,35): warning C4309: “初始化”: 截断常量值
D:\projects\ShellCodeFrame\XShellCodeLoaderSysenter\Sysenter.cpp(25,47): warning C4838: 从“int”转换到“char”需要收缩转换
D:\projects\ShellCodeFrame\XShellCodeLoaderSysenter\Sysenter.cpp(25,47): warning C4309: “初始化”: 截断常量值
D:\projects\ShellCodeFrame\XShellCodeLoaderSysenter\Sysenter.cpp(25,53): warning C4838: 从“int”转换到“char”需要收缩转换
D:\projects\ShellCodeFrame\XShellCodeLoaderSysenter\Sysenter.cpp(25,53): warning C4309: “初始化”: 截断常量值
D:\projects\ShellCodeFrame\XShellCodeLoaderSysenter\Sysenter.cpp(25,59): warning C4838: 从“int”转换到“char”需要收缩转换
D:\projects\ShellCodeFrame\XShellCodeLoaderSysenter\Sysenter.cpp(25,59): warning C4309: “初始化”: 截断常量值
D:\projects\ShellCodeFrame\XShellCodeLoaderSysenter\Sysenter.cpp(26,23): warning C4838: 从“int”转换到“char”需要收缩转换
D:\projects\ShellCodeFrame\XShellCodeLoaderSysenter\Sysenter.cpp(26,23): warning C4309: “初始化”: 截断常量值
D:\projects\ShellCodeFrame\XShellCodeLoaderSysenter\Sysenter.cpp(26,41): warning C4838: 从“int”转换到“char”需要收缩转换
D:\projects\ShellCodeFrame\XShellCodeLoaderSysenter\Sysenter.cpp(26,41): warning C4309: “初始化”: 截断常量值
D:\projects\ShellCodeFrame\XShellCodeLoaderSysenter\Sysenter.cpp(26,59): warning C4838: 从“int”转换到“char”需要收缩转换
D:\projects\ShellCodeFrame\XShellCodeLoaderSysenter\Sysenter.cpp(26,59): warning C4309: “初始化”: 截断常量值
D:\projects\ShellCodeFrame\XShellCodeLoaderSysenter\Sysenter.cpp(26,65): warning C4838: 从“int”转换到“char”需要收缩转换
D:\projects\ShellCodeFrame\XShellCodeLoaderSysenter\Sysenter.cpp(26,65): warning C4309: “初始化”: 截断常量值
D:\projects\ShellCodeFrame\XShellCodeLoaderSysenter\Sysenter.cpp(26,71): warning C4838: 从“int”转换到“char”需要收缩转换
D:\projects\ShellCodeFrame\XShellCodeLoaderSysenter\Sysenter.cpp(26,71): warning C4309: “初始化”: 截断常量值
D:\projects\ShellCodeFrame\XShellCodeLoaderSysenter\Sysenter.cpp(26,95): warning C4838: 从“int”转换到“char”需要收缩转换
D:\projects\ShellCodeFrame\XShellCodeLoaderSysenter\Sysenter.cpp(26,95): warning C4309: “初始化”: 截断常量值
D:\projects\ShellCodeFrame\XShellCodeLoaderSysenter\Sysenter.cpp(27,11): warning C4838: 从“int”转换到“char”需要收缩转换
D:\projects\ShellCodeFrame\XShellCodeLoaderSysenter\Sysenter.cpp(27,11): warning C4309: “初始化”: 截断常量值
D:\projects\ShellCodeFrame\XShellCodeLoaderSysenter\Sysenter.cpp(27,17): warning C4838: 从“int”转换到“char”需要收缩转换
D:\projects\ShellCodeFrame\XShellCodeLoaderSysenter\Sysenter.cpp(27,17): warning C4309: “初始化”: 截断常量值
D:\projects\ShellCodeFrame\XShellCodeLoaderSysenter\Sysenter.cpp(27,29): warning C4838: 从“int”转换到“char”需要收缩转换
D:\projects\ShellCodeFrame\XShellCodeLoaderSysenter\Sysenter.cpp(27,29): warning C4309: “初始化”: 截断常量值
D:\projects\ShellCodeFrame\XShellCodeLoaderSysenter\Sysenter.cpp(27,35): warning C4838: 从“int”转换到“char”需要收缩转换
D:\projects\ShellCodeFrame\XShellCodeLoaderSysenter\Sysenter.cpp(27,35): warning C4309: “初始化”: 截断常量值
D:\projects\ShellCodeFrame\XShellCodeLoaderSysenter\Sysenter.cpp(27,59): warning C4838: 从“int”转换到“char”需要收缩转换
D:\projects\ShellCodeFrame\XShellCodeLoaderSysenter\Sysenter.cpp(27,59): warning C4309: “初始化”: 截断常量值
D:\projects\ShellCodeFrame\XShellCodeLoaderSysenter\Sysenter.cpp(27,65): warning C4838: 从“int”转换到“char”需要收缩转换
D:\projects\ShellCodeFrame\XShellCodeLoaderSysenter\Sysenter.cpp(27,65): warning C4309: “初始化”: 截断常量值
D:\projects\ShellCodeFrame\XShellCodeLoaderSysenter\Sysenter.cpp(27,89): warning C4838: 从“int”转换到“char”需要收缩转换
D:\projects\ShellCodeFrame\XShellCodeLoaderSysenter\Sysenter.cpp(27,89): warning C4309: “初始化”: 截断常量值
D:\projects\ShellCodeFrame\XShellCodeLoaderSysenter\Sysenter.cpp(27,95): warning C4838: 从“int”转换到“char”需要收缩转换
D:\projects\ShellCodeFrame\XShellCodeLoaderSysenter\Sysenter.cpp(27,95): warning C4309: “初始化”: 截断常量值
D:\projects\ShellCodeFrame\XShellCodeLoaderSysenter\Sysenter.cpp(28,35): warning C4838: 从“int”转换到“char”需要收缩转换
D:\projects\ShellCodeFrame\XShellCodeLoaderSysenter\Sysenter.cpp(28,35): warning C4309: “初始化”: 截断常量值
D:\projects\ShellCodeFrame\XShellCodeLoaderSysenter\Sysenter.cpp(28,53): warning C4838: 从“int”转换到“char”需要收缩转换
D:\projects\ShellCodeFrame\XShellCodeLoaderSysenter\Sysenter.cpp(28,53): warning C4309: “初始化”: 截断常量值
D:\projects\ShellCodeFrame\XShellCodeLoaderSysenter\Sysenter.cpp(28,59): warning C4838: 从“int”转换到“char”需要收缩转换
D:\projects\ShellCodeFrame\XShellCodeLoaderSysenter\Sysenter.cpp(28,59): warning C4309: “初始化”: 截断常量值
D:\projects\ShellCodeFrame\XShellCodeLoaderSysenter\Sysenter.cpp(28,65): warning C4838: 从“int”转换到“char”需要收缩转换
D:\projects\ShellCodeFrame\XShellCodeLoaderSysenter\Sysenter.cpp(28,65): warning C4309: “初始化”: 截断常量值
D:\projects\ShellCodeFrame\XShellCodeLoaderSysenter\Sysenter.cpp(28,83): warning C4838: 从“int”转换到“char”需要收缩转换
D:\projects\ShellCodeFrame\XShellCodeLoaderSysenter\Sysenter.cpp(28,83): warning C4309: “初始化”: 截断常量值
D:\projects\ShellCodeFrame\XShellCodeLoaderSysenter\Sysenter.cpp(28,89): warning C4838: 从“int”转换到“char”需要收缩转换
D:\projects\ShellCodeFrame\XShellCodeLoaderSysenter\Sysenter.cpp(28,89): warning C4309: “初始化”: 截断常量值
D:\projects\ShellCodeFrame\XShellCodeLoaderSysenter\Sysenter.cpp(28,95): warning C4838: 从“int”转换到“char”需要收缩转换
D:\projects\ShellCodeFrame\XShellCodeLoaderSysenter\Sysenter.cpp(28,95): warning C4309: “初始化”: 截断常量值
D:\projects\ShellCodeFrame\XShellCodeLoaderSysenter\Sysenter.cpp(29,5): warning C4838: 从“int”转换到“char”需要收缩转换
D:\projects\ShellCodeFrame\XShellCodeLoaderSysenter\Sysenter.cpp(29,5): warning C4309: “初始化”: 截断常量值
D:\projects\ShellCodeFrame\XShellCodeLoaderSysenter\Sysenter.cpp(29,11): warning C4838: 从“int”转换到“char”需要收缩转换
D:\projects\ShellCodeFrame\XShellCodeLoaderSysenter\Sysenter.cpp(29,11): warning C4309: “初始化”: 截断常量值
D:\projects\ShellCodeFrame\XShellCodeLoaderSysenter\Sysenter.cpp(29,17): warning C4838: 从“int”转换到“char”需要收缩转换
D:\projects\ShellCodeFrame\XShellCodeLoaderSysenter\Sysenter.cpp(29,17): warning C4309: “初始化”: 截断常量值
D:\projects\ShellCodeFrame\XShellCodeLoaderSysenter\Sysenter.cpp(29,23): warning C4838: 从“int”转换到“char”需要收缩转换
D:\projects\ShellCodeFrame\XShellCodeLoaderSysenter\Sysenter.cpp(29,23): warning C4309: “初始化”: 截断常量值
D:\projects\ShellCodeFrame\XShellCodeLoaderSysenter\Sysenter.cpp(29,29): warning C4838: 从“int”转换到“char”需要收缩转换
D:\projects\ShellCodeFrame\XShellCodeLoaderSysenter\Sysenter.cpp(29,29): warning C4309: “初始化”: 截断常量值
D:\projects\ShellCodeFrame\XShellCodeLoaderSysenter\Sysenter.cpp(29,47): warning C4838: 从“int”转换到“char”需要收缩转换
D:\projects\ShellCodeFrame\XShellCodeLoaderSysenter\Sysenter.cpp(29,47): warning C4309: “初始化”: 截断常量值
D:\projects\ShellCodeFrame\XShellCodeLoaderSysenter\Sysenter.cpp(29,71): warning C4838: 从“int”转换到“char”需要收缩转换
D:\projects\ShellCodeFrame\XShellCodeLoaderSysenter\Sysenter.cpp(29,71): warning C4309: “初始化”: 截断常量值
D:\projects\ShellCodeFrame\XShellCodeLoaderSysenter\Sysenter.cpp(29,83): warning C4838: 从“int”转换到“char”需要收缩转换
D:\projects\ShellCodeFrame\XShellCodeLoaderSysenter\Sysenter.cpp(29,83): warning C4309: “初始化”: 截断常量值
D:\projects\ShellCodeFrame\XShellCodeLoaderSysenter\Sysenter.cpp(30,5): warning C4838: 从“int”转换到“char”需要收缩转换
D:\projects\ShellCodeFrame\XShellCodeLoaderSysenter\Sysenter.cpp(30,5): warning C4309: “初始化”: 截断常量值
D:\projects\ShellCodeFrame\XShellCodeLoaderSysenter\Sysenter.cpp(30,23): warning C4838: 从“int”转换到“char”需要收缩转换
D:\projects\ShellCodeFrame\XShellCodeLoaderSysenter\Sysenter.cpp(30,23): warning C4309: “初始化”: 截断常量值
D:\projects\ShellCodeFrame\XShellCodeLoaderSysenter\Sysenter.cpp(30,41): warning C4838: 从“int”转换到“char”需要收缩转换
D:\projects\ShellCodeFrame\XShellCodeLoaderSysenter\Sysenter.cpp(30,41): warning C4309: “初始化”: 截断常量值
D:\projects\ShellCodeFrame\XShellCodeLoaderSysenter\Sysenter.cpp(30,47): warning C4838: 从“int”转换到“char”需要收缩转换
D:\projects\ShellCodeFrame\XShellCodeLoaderSysenter\Sysenter.cpp(30,47): warning C4309: “初始化”: 截断常量值
D:\projects\ShellCodeFrame\XShellCodeLoaderSysenter\Sysenter.cpp(30,53): warning C4838: 从“int”转换到“char”需要收缩转换
D:\projects\ShellCodeFrame\XShellCodeLoaderSysenter\Sysenter.cpp(30,53): warning C4309: “初始化”: 截断常量值
D:\projects\ShellCodeFrame\XShellCodeLoaderSysenter\Sysenter.cpp(30,59): warning C4838: 从“int”转换到“char”需要收缩转换
D:\projects\ShellCodeFrame\XShellCodeLoaderSysenter\Sysenter.cpp(30,59): warning C4309: “初始化”: 截断常量值
D:\projects\ShellCodeFrame\XShellCodeLoaderSysenter\Sysenter.cpp(30,71): warning C4838: 从“int”转换到“char”需要收缩转换
D:\projects\ShellCodeFrame\XShellCodeLoaderSysenter\Sysenter.cpp(30,71): warning C4309: “初始化”: 截断常量值
D:\projects\ShellCodeFrame\XShellCodeLoaderSysenter\Sysenter.cpp(30,95): warning C4838: 从“int”转换到“char”需要收缩转换
D:\projects\ShellCodeFrame\XShellCodeLoaderSysenter\Sysenter.cpp(30,95): warning C4309: “初始化”: 截断常量值
D:\projects\ShellCodeFrame\XShellCodeLoaderSysenter\Sysenter.cpp(31,5): warning C4838: 从“int”转换到“char”需要收缩转换
D:\projects\ShellCodeFrame\XShellCodeLoaderSysenter\Sysenter.cpp(31,5): warning C4309: “初始化”: 截断常量值
D:\projects\ShellCodeFrame\XShellCodeLoaderSysenter\Sysenter.cpp(31,41): warning C4838: 从“int”转换到“char”需要收缩转换
D:\projects\ShellCodeFrame\XShellCodeLoaderSysenter\Sysenter.cpp(31,41): warning C4309: “初始化”: 截断常量值
D:\projects\ShellCodeFrame\XShellCodeLoaderSysenter\Sysenter.cpp(31,77): warning C4838: 从“int”转换到“char”需要收缩转换
D:\projects\ShellCodeFrame\XShellCodeLoaderSysenter\Sysenter.cpp(31,77): warning C4309: “初始化”: 截断常量值
D:\projects\ShellCodeFrame\XShellCodeLoaderSysenter\Sysenter.cpp(31,83): warning C4838: 从“int”转换到“char”需要收缩转换
D:\projects\ShellCodeFrame\XShellCodeLoaderSysenter\Sysenter.cpp(31,83): warning C4309: “初始化”: 截断常量值
D:\projects\ShellCodeFrame\XShellCodeLoaderSysenter\Sysenter.cpp(31,95): warning C4838: 从“int”转换到“char”需要收缩转换
D:\projects\ShellCodeFrame\XShellCodeLoaderSysenter\Sysenter.cpp(31,95): warning C4309: “初始化”: 截断常量值
D:\projects\ShellCodeFrame\XShellCodeLoaderSysenter\Sysenter.cpp(32,5): warning C4838: 从“int”转换到“char”需要收缩转换
D:\projects\ShellCodeFrame\XShellCodeLoaderSysenter\Sysenter.cpp(32,5): warning C4309: “初始化”: 截断常量值
D:\projects\ShellCodeFrame\XShellCodeLoaderSysenter\Sysenter.cpp(32,11): warning C4838: 从“int”转换到“char”需要收缩转换
D:\projects\ShellCodeFrame\XShellCodeLoaderSysenter\Sysenter.cpp(32,11): warning C4309: “初始化”: 截断常量值
D:\projects\ShellCodeFrame\XShellCodeLoaderSysenter\Sysenter.cpp(32,41): warning C4838: 从“int”转换到“char”需要收缩转换
D:\projects\ShellCodeFrame\XShellCodeLoaderSysenter\Sysenter.cpp(32,41): warning C4309: “初始化”: 截断常量值
D:\projects\ShellCodeFrame\XShellCodeLoaderSysenter\Sysenter.cpp(32,47): warning C4838: 从“int”转换到“char”需要收缩转换
D:\projects\ShellCodeFrame\XShellCodeLoaderSysenter\Sysenter.cpp(32,47): warning C4309: “初始化”: 截断常量值
D:\projects\ShellCodeFrame\XShellCodeLoaderSysenter\Sysenter.cpp(32,53): warning C4838: 从“int”转换到“char”需要收缩转换
D:\projects\ShellCodeFrame\XShellCodeLoaderSysenter\Sysenter.cpp(32,53): warning C4309: “初始化”: 截断常量值
D:\projects\ShellCodeFrame\XShellCodeLoaderSysenter\Sysenter.cpp(32,59): warning C4838: 从“int”转换到“char”需要收缩转换
D:\projects\ShellCodeFrame\XShellCodeLoaderSysenter\Sysenter.cpp(32,59): warning C4309: “初始化”: 截断常量值
D:\projects\ShellCodeFrame\XShellCodeLoaderSysenter\Sysenter.cpp(32,65): warning C4838: 从“int”转换到“char”需要收缩转换
D:\projects\ShellCodeFrame\XShellCodeLoaderSysenter\Sysenter.cpp(32,65): warning C4309: “初始化”: 截断常量值
D:\projects\ShellCodeFrame\XShellCodeLoaderSysenter\Sysenter.cpp(32,83): warning C4838: 从“int”转换到“char”需要收缩转换
D:\projects\ShellCodeFrame\XShellCodeLoaderSysenter\Sysenter.cpp(32,83): warning C4309: “初始化”: 截断常量值
D:\projects\ShellCodeFrame\XShellCodeLoaderSysenter\Sysenter.cpp(33,23): warning C4838: 从“int”转换到“char”需要收缩转换
D:\projects\ShellCodeFrame\XShellCodeLoaderSysenter\Sysenter.cpp(33,23): warning C4309: “初始化”: 截断常量值
D:\projects\ShellCodeFrame\XShellCodeLoaderSysenter\Sysenter.cpp(33,29): warning C4838: 从“int”转换到“char”需要收缩转换
D:\projects\ShellCodeFrame\XShellCodeLoaderSysenter\Sysenter.cpp(33,29): warning C4309: “初始化”: 截断常量值
D:\projects\ShellCodeFrame\XShellCodeLoaderSysenter\Sysenter.cpp(33,41): warning C4838: 从“int”转换到“char”需要收缩转换
D:\projects\ShellCodeFrame\XShellCodeLoaderSysenter\Sysenter.cpp(33,41): warning C4309: “初始化”: 截断常量值
D:\projects\ShellCodeFrame\XShellCodeLoaderSysenter\Sysenter.cpp(33,53): warning C4838: 从“int”转换到“char”需要收缩转换
D:\projects\ShellCodeFrame\XShellCodeLoaderSysenter\Sysenter.cpp(33,53): warning C4309: “初始化”: 截断常量值
D:\projects\ShellCodeFrame\XShellCodeLoaderSysenter\Sysenter.cpp(33,59): warning C4838: 从“int”转换到“char”需要收缩转换
D:\projects\ShellCodeFrame\XShellCodeLoaderSysenter\Sysenter.cpp(33,59): warning C4309: “初始化”: 截断常量值
D:\projects\ShellCodeFrame\XShellCodeLoaderSysenter\Sysenter.cpp(33,71): warning C4838: 从“int”转换到“char”需要收缩转换
D:\projects\ShellCodeFrame\XShellCodeLoaderSysenter\Sysenter.cpp(33,71): warning C4309: “初始化”: 截断常量值
D:\projects\ShellCodeFrame\XShellCodeLoaderSysenter\Sysenter.cpp(33,77): warning C4838: 从“int”转换到“char”需要收缩转换
D:\projects\ShellCodeFrame\XShellCodeLoaderSysenter\Sysenter.cpp(33,77): warning C4309: “初始化”: 截断常量值
D:\projects\ShellCodeFrame\XShellCodeLoaderSysenter\Sysenter.cpp(33,83): warning C4838: 从“int”转换到“char”需要收缩转换
D:\projects\ShellCodeFrame\XShellCodeLoaderSysenter\Sysenter.cpp(33,83): warning C4309: “初始化”: 截断常量值
D:\projects\ShellCodeFrame\XShellCodeLoaderSysenter\Sysenter.cpp(33,89): warning C4838: 从“int”转换到“char”需要收缩转换
D:\projects\ShellCodeFrame\XShellCodeLoaderSysenter\Sysenter.cpp(33,89): warning C4309: “初始化”: 截断常量值
D:\projects\ShellCodeFrame\XShellCodeLoaderSysenter\Sysenter.cpp(34,11): warning C4838: 从“int”转换到“char”需要收缩转换
D:\projects\ShellCodeFrame\XShellCodeLoaderSysenter\Sysenter.cpp(34,11): warning C4309: “初始化”: 截断常量值
D:\projects\ShellCodeFrame\XShellCodeLoaderSysenter\Sysenter.cpp(34,17): warning C4838: 从“int”转换到“char”需要收缩转换
D:\projects\ShellCodeFrame\XShellCodeLoaderSysenter\Sysenter.cpp(34,17): warning C4309: “初始化”: 截断常量值
D:\projects\ShellCodeFrame\XShellCodeLoaderSysenter\Sysenter.cpp(34,23): warning C4838: 从“int”转换到“char”需要收缩转换
D:\projects\ShellCodeFrame\XShellCodeLoaderSysenter\Sysenter.cpp(34,23): warning C4309: “初始化”: 截断常量值
D:\projects\ShellCodeFrame\XShellCodeLoaderSysenter\Sysenter.cpp(34,53): warning C4838: 从“int”转换到“char”需要收缩转换
D:\projects\ShellCodeFrame\XShellCodeLoaderSysenter\Sysenter.cpp(34,53): warning C4309: “初始化”: 截断常量值
D:\projects\ShellCodeFrame\XShellCodeLoaderSysenter\Sysenter.cpp(34,65): warning C4838: 从“int”转换到“char”需要收缩转换
D:\projects\ShellCodeFrame\XShellCodeLoaderSysenter\Sysenter.cpp(34,65): warning C4309: “初始化”: 截断常量值
D:\projects\ShellCodeFrame\XShellCodeLoaderSysenter\Sysenter.cpp(34,83): warning C4838: 从“int”转换到“char”需要收缩转换
D:\projects\ShellCodeFrame\XShellCodeLoaderSysenter\Sysenter.cpp(34,83): warning C4309: “初始化”: 截断常量值
D:\projects\ShellCodeFrame\XShellCodeLoaderSysenter\Sysenter.cpp(34,95): warning C4838: 从“int”转换到“char”需要收缩转换
D:\projects\ShellCodeFrame\XShellCodeLoaderSysenter\Sysenter.cpp(34,95): warning C4309: “初始化”: 截断常量值
D:\projects\ShellCodeFrame\XShellCodeLoaderSysenter\Sysenter.cpp(35,11): warning C4838: 从“int”转换到“char”需要收缩转换
D:\projects\ShellCodeFrame\XShellCodeLoaderSysenter\Sysenter.cpp(35,11): warning C4309: “初始化”: 截断常量值
D:\projects\ShellCodeFrame\XShellCodeLoaderSysenter\Sysenter.cpp(35,35): warning C4838: 从“int”转换到“char”需要收缩转换
D:\projects\ShellCodeFrame\XShellCodeLoaderSysenter\Sysenter.cpp(35,35): warning C4309: “初始化”: 截断常量值
D:\projects\ShellCodeFrame\XShellCodeLoaderSysenter\Sysenter.cpp(35,41): warning C4838: 从“int”转换到“char”需要收缩转换
D:\projects\ShellCodeFrame\XShellCodeLoaderSysenter\Sysenter.cpp(35,41): warning C4309: “初始化”: 截断常量值
D:\projects\ShellCodeFrame\XShellCodeLoaderSysenter\Sysenter.cpp(35,47): warning C4838: 从“int”转换到“char”需要收缩转换
D:\projects\ShellCodeFrame\XShellCodeLoaderSysenter\Sysenter.cpp(35,47): warning C4309: “初始化”: 截断常量值
D:\projects\ShellCodeFrame\XShellCodeLoaderSysenter\Sysenter.cpp(35,59): warning C4838: 从“int”转换到“char”需要收缩转换
D:\projects\ShellCodeFrame\XShellCodeLoaderSysenter\Sysenter.cpp(35,59): warning C4309: “初始化”: 截断常量值
D:\projects\ShellCodeFrame\XShellCodeLoaderSysenter\Sysenter.cpp(35,77): warning C4838: 从“int”转换到“char”需要收缩转换
D:\projects\ShellCodeFrame\XShellCodeLoaderSysenter\Sysenter.cpp(35,77): warning C4309: “初始化”: 截断常量值
D:\projects\ShellCodeFrame\XShellCodeLoaderSysenter\Sysenter.cpp(35,83): warning C4838: 从“int”转换到“char”需要收缩转换
D:\projects\ShellCodeFrame\XShellCodeLoaderSysenter\Sysenter.cpp(35,83): warning C4309: “初始化”: 截断常量值
D:\projects\ShellCodeFrame\XShellCodeLoaderSysenter\Sysenter.cpp(35,89): warning C4838: 从“int”转换到“char”需要收缩转换
D:\projects\ShellCodeFrame\XShellCodeLoaderSysenter\Sysenter.cpp(35,89): warning C4309: “初始化”: 截断常量值
D:\projects\ShellCodeFrame\XShellCodeLoaderSysenter\Sysenter.cpp(36,17): warning C4838: 从“int”转换到“char”需要收缩转换
D:\projects\ShellCodeFrame\XShellCodeLoaderSysenter\Sysenter.cpp(36,17): warning C4309: “初始化”: 截断常量值
D:\projects\ShellCodeFrame\XShellCodeLoaderSysenter\Sysenter.cpp(36,35): warning C4838: 从“int”转换到“char”需要收缩转换
D:\projects\ShellCodeFrame\XShellCodeLoaderSysenter\Sysenter.cpp(36,35): warning C4309: “初始化”: 截断常量值
D:\projects\ShellCodeFrame\XShellCodeLoaderSysenter\Sysenter.cpp(36,41): warning C4838: 从“int”转换到“char”需要收缩转换
D:\projects\ShellCodeFrame\XShellCodeLoaderSysenter\Sysenter.cpp(36,41): warning C4309: “初始化”: 截断常量值
D:\projects\ShellCodeFrame\XShellCodeLoaderSysenter\Sysenter.cpp(36,47): warning C4838: 从“int”转换到“char”需要收缩转换
D:\projects\ShellCodeFrame\XShellCodeLoaderSysenter\Sysenter.cpp(36,47): warning C4309: “初始化”: 截断常量值
D:\projects\ShellCodeFrame\XShellCodeLoaderSysenter\Sysenter.cpp(36,59): warning C4838: 从“int”转换到“char”需要收缩转换
D:\projects\ShellCodeFrame\XShellCodeLoaderSysenter\Sysenter.cpp(36,59): warning C4309: “初始化”: 截断常量值
D:\projects\ShellCodeFrame\XShellCodeLoaderSysenter\Sysenter.cpp(36,65): warning C4838: 从“int”转换到“char”需要收缩转换
D:\projects\ShellCodeFrame\XShellCodeLoaderSysenter\Sysenter.cpp(36,65): warning C4309: “初始化”: 截断常量值
D:\projects\ShellCodeFrame\XShellCodeLoaderSysenter\Sysenter.cpp(36,95): warning C4838: 从“int”转换到“char”需要收缩转换
D:\projects\ShellCodeFrame\XShellCodeLoaderSysenter\Sysenter.cpp(36,95): warning C4309: “初始化”: 截断常量值
D:\projects\ShellCodeFrame\XShellCodeLoaderSysenter\Sysenter.cpp(37,23): warning C4838: 从“int”转换到“char”需要收缩转换
D:\projects\ShellCodeFrame\XShellCodeLoaderSysenter\Sysenter.cpp(37,23): warning C4309: “初始化”: 截断常量值
D:\projects\ShellCodeFrame\XShellCodeLoaderSysenter\Sysenter.cpp(37,35): warning C4838: 从“int”转换到“char”需要收缩转换
D:\projects\ShellCodeFrame\XShellCodeLoaderSysenter\Sysenter.cpp(37,35): warning C4309: “初始化”: 截断常量值
D:\projects\ShellCodeFrame\XShellCodeLoaderSysenter\Sysenter.cpp(37,41): warning C4838: 从“int”转换到“char”需要收缩转换
D:\projects\ShellCodeFrame\XShellCodeLoaderSysenter\Sysenter.cpp(37,41): warning C4309: “初始化”: 截断常量值
D:\projects\ShellCodeFrame\XShellCodeLoaderSysenter\Sysenter.cpp(37,53): warning C4838: 从“int”转换到“char”需要收缩转换
D:\projects\ShellCodeFrame\XShellCodeLoaderSysenter\Sysenter.cpp(37,53): warning C4309: “初始化”: 截断常量值
D:\projects\ShellCodeFrame\XShellCodeLoaderSysenter\Sysenter.cpp(37,59): warning C4838: 从“int”转换到“char”需要收缩转换
D:\projects\ShellCodeFrame\XShellCodeLoaderSysenter\Sysenter.cpp(37,59): warning C4309: “初始化”: 截断常量值
D:\projects\ShellCodeFrame\XShellCodeLoaderSysenter\Sysenter.cpp(37,71): warning C4838: 从“int”转换到“char”需要收缩转换
D:\projects\ShellCodeFrame\XShellCodeLoaderSysenter\Sysenter.cpp(37,71): warning C4309: “初始化”: 截断常量值
D:\projects\ShellCodeFrame\XShellCodeLoaderSysenter\Sysenter.cpp(37,83): warning C4838: 从“int”转换到“char”需要收缩转换
D:\projects\ShellCodeFrame\XShellCodeLoaderSysenter\Sysenter.cpp(37,83): warning C4309: “初始化”: 截断常量值
D:\projects\ShellCodeFrame\XShellCodeLoaderSysenter\Sysenter.cpp(37,95): warning C4838: 从“int”转换到“char”需要收缩转换
D:\projects\ShellCodeFrame\XShellCodeLoaderSysenter\Sysenter.cpp(37,95): warning C4309: “初始化”: 截断常量值
D:\projects\ShellCodeFrame\XShellCodeLoaderSysenter\Sysenter.cpp(38,17): warning C4838: 从“int”转换到“char”需要收缩转换
D:\projects\ShellCodeFrame\XShellCodeLoaderSysenter\Sysenter.cpp(38,17): warning C4309: “初始化”: 截断常量值
D:\projects\ShellCodeFrame\XShellCodeLoaderSysenter\Sysenter.cpp(38,23): warning C4838: 从“int”转换到“char”需要收缩转换
D:\projects\ShellCodeFrame\XShellCodeLoaderSysenter\Sysenter.cpp(38,23): warning C4309: “初始化”: 截断常量值
D:\projects\ShellCodeFrame\XShellCodeLoaderSysenter\Sysenter.cpp(38,35): warning C4838: 从“int”转换到“char”需要收缩转换
D:\projects\ShellCodeFrame\XShellCodeLoaderSysenter\Sysenter.cpp(38,35): warning C4309: “初始化”: 截断常量值
D:\projects\ShellCodeFrame\XShellCodeLoaderSysenter\Sysenter.cpp(38,41): warning C4838: 从“int”转换到“char”需要收缩转换
D:\projects\ShellCodeFrame\XShellCodeLoaderSysenter\Sysenter.cpp(38,41): warning C4309: “初始化”: 截断常量值
D:\projects\ShellCodeFrame\XShellCodeLoaderSysenter\Sysenter.cpp(38,53): warning C4838: 从“int”转换到“char”需要收缩转换
D:\projects\ShellCodeFrame\XShellCodeLoaderSysenter\Sysenter.cpp(38,53): warning C4309: “初始化”: 截断常量值
D:\projects\ShellCodeFrame\XShellCodeLoaderSysenter\Sysenter.cpp(38,59): warning C4838: 从“int”转换到“char”需要收缩转换
D:\projects\ShellCodeFrame\XShellCodeLoaderSysenter\Sysenter.cpp(38,59): warning C4309: “初始化”: 截断常量值
D:\projects\ShellCodeFrame\XShellCodeLoaderSysenter\Sysenter.cpp(38,77): warning C4838: 从“int”转换到“char”需要收缩转换
D:\projects\ShellCodeFrame\XShellCodeLoaderSysenter\Sysenter.cpp(38,77): warning C4309: “初始化”: 截断常量值
D:\projects\ShellCodeFrame\XShellCodeLoaderSysenter\Sysenter.cpp(38,83): warning C4838: 从“int”转换到“char”需要收缩转换
D:\projects\ShellCodeFrame\XShellCodeLoaderSysenter\Sysenter.cpp(38,83): warning C4309: “初始化”: 截断常量值
D:\projects\ShellCodeFrame\XShellCodeLoaderSysenter\Sysenter.cpp(38,89): warning C4838: 从“int”转换到“char”需要收缩转换
D:\projects\ShellCodeFrame\XShellCodeLoaderSysenter\Sysenter.cpp(38,89): warning C4309: “初始化”: 截断常量值
D:\projects\ShellCodeFrame\XShellCodeLoaderSysenter\Sysenter.cpp(39,5): warning C4838: 从“int”转换到“char”需要收缩转换
D:\projects\ShellCodeFrame\XShellCodeLoaderSysenter\Sysenter.cpp(39,5): warning C4309: “初始化”: 截断常量值
D:\projects\ShellCodeFrame\XShellCodeLoaderSysenter\Sysenter.cpp(39,17): warning C4838: 从“int”转换到“char”需要收缩转换
D:\projects\ShellCodeFrame\XShellCodeLoaderSysenter\Sysenter.cpp(39,17): warning C4309: “初始化”: 截断常量值
D:\projects\ShellCodeFrame\XShellCodeLoaderSysenter\Sysenter.cpp(39,29): warning C4838: 从“int”转换到“char”需要收缩转换
D:\projects\ShellCodeFrame\XShellCodeLoaderSysenter\Sysenter.cpp(39,29): warning C4309: “初始化”: 截断常量值
D:\projects\ShellCodeFrame\XShellCodeLoaderSysenter\Sysenter.cpp(39,35): warning C4838: 从“int”转换到“char”需要收缩转换
D:\projects\ShellCodeFrame\XShellCodeLoaderSysenter\Sysenter.cpp(39,35): warning C4309: “初始化”: 截断常量值
D:\projects\ShellCodeFrame\XShellCodeLoaderSysenter\Sysenter.cpp(39,41): warning C4838: 从“int”转换到“char”需要收缩转换
D:\projects\ShellCodeFrame\XShellCodeLoaderSysenter\Sysenter.cpp(39,41): warning C4309: “初始化”: 截断常量值
D:\projects\ShellCodeFrame\XShellCodeLoaderSysenter\Sysenter.cpp(39,47): warning C4838: 从“int”转换到“char”需要收缩转换
D:\projects\ShellCodeFrame\XShellCodeLoaderSysenter\Sysenter.cpp(39,47): warning C4309: “初始化”: 截断常量值
D:\projects\ShellCodeFrame\XShellCodeLoaderSysenter\Sysenter.cpp(39,65): warning C4838: 从“int”转换到“char”需要收缩转换
D:\projects\ShellCodeFrame\XShellCodeLoaderSysenter\Sysenter.cpp(39,65): warning C4309: “初始化”: 截断常量值
D:\projects\ShellCodeFrame\XShellCodeLoaderSysenter\Sysenter.cpp(39,83): warning C4838: 从“int”转换到“char”需要收缩转换
D:\projects\ShellCodeFrame\XShellCodeLoaderSysenter\Sysenter.cpp(39,83): warning C4309: “初始化”: 截断常量值
D:\projects\ShellCodeFrame\XShellCodeLoaderSysenter\Sysenter.cpp(39,89): warning C4838: 从“int”转换到“char”需要收缩转换
D:\projects\ShellCodeFrame\XShellCodeLoaderSysenter\Sysenter.cpp(39,89): warning C4309: “初始化”: 截断常量值
D:\projects\ShellCodeFrame\XShellCodeLoaderSysenter\Sysenter.cpp(39,95): warning C4838: 从“int”转换到“char”需要收缩转换
D:\projects\ShellCodeFrame\XShellCodeLoaderSysenter\Sysenter.cpp(39,95): warning C4309: “初始化”: 截断常量值
D:\projects\ShellCodeFrame\XShellCodeLoaderSysenter\Sysenter.cpp(40,11): warning C4838: 从“int”转换到“char”需要收缩转换
D:\projects\ShellCodeFrame\XShellCodeLoaderSysenter\Sysenter.cpp(40,11): warning C4309: “初始化”: 截断常量值
D:\projects\ShellCodeFrame\XShellCodeLoaderSysenter\Sysenter.cpp(40,17): warning C4838: 从“int”转换到“char”需要收缩转换
D:\projects\ShellCodeFrame\XShellCodeLoaderSysenter\Sysenter.cpp(40,17): warning C4309: “初始化”: 截断常量值
D:\projects\ShellCodeFrame\XShellCodeLoaderSysenter\Sysenter.cpp(40,23): warning C4838: 从“int”转换到“char”需要收缩转换
D:\projects\ShellCodeFrame\XShellCodeLoaderSysenter\Sysenter.cpp(40,23): warning C4309: “初始化”: 截断常量值
D:\projects\ShellCodeFrame\XShellCodeLoaderSysenter\Sysenter.cpp(40,29): warning C4838: 从“int”转换到“char”需要收缩转换
D:\projects\ShellCodeFrame\XShellCodeLoaderSysenter\Sysenter.cpp(40,29): warning C4309: “初始化”: 截断常量值
D:\projects\ShellCodeFrame\XShellCodeLoaderSysenter\Sysenter.cpp(40,35): warning C4838: 从“int”转换到“char”需要收缩转换
D:\projects\ShellCodeFrame\XShellCodeLoaderSysenter\Sysenter.cpp(40,35): warning C4309: “初始化”: 截断常量值
D:\projects\ShellCodeFrame\XShellCodeLoaderSysenter\Sysenter.cpp(40,41): warning C4838: 从“int”转换到“char”需要收缩转换
D:\projects\ShellCodeFrame\XShellCodeLoaderSysenter\Sysenter.cpp(40,41): warning C4309: “初始化”: 截断常量值
D:\projects\ShellCodeFrame\XShellCodeLoaderSysenter\Sysenter.cpp(40,47): warning C4838: 从“int”转换到“char”需要收缩转换
D:\projects\ShellCodeFrame\XShellCodeLoaderSysenter\Sysenter.cpp(40,47): warning C4309: “初始化”: 截断常量值
D:\projects\ShellCodeFrame\XShellCodeLoaderSysenter\Sysenter.cpp(40,53): warning C4838: 从“int”转换到“char”需要收缩转换
D:\projects\ShellCodeFrame\XShellCodeLoaderSysenter\Sysenter.cpp(40,53): warning C4309: “初始化”: 截断常量值
D:\projects\ShellCodeFrame\XShellCodeLoaderSysenter\Sysenter.cpp(40,71): warning C4838: 从“int”转换到“char”需要收缩转换
D:\projects\ShellCodeFrame\XShellCodeLoaderSysenter\Sysenter.cpp(40,71): warning C4309: “初始化”: 截断常量值
D:\projects\ShellCodeFrame\XShellCodeLoaderSysenter\Sysenter.cpp(40,77): warning C4838: 从“int”转换到“char”需要收缩转换
D:\projects\ShellCodeFrame\XShellCodeLoaderSysenter\Sysenter.cpp(40,77): warning C4309: “初始化”: 截断常量值
D:\projects\ShellCodeFrame\XShellCodeLoaderSysenter\Sysenter.cpp(40,89): warning C4838: 从“int”转换到“char”需要收缩转换
D:\projects\ShellCodeFrame\XShellCodeLoaderSysenter\Sysenter.cpp(40,89): warning C4309: “初始化”: 截断常量值
D:\projects\ShellCodeFrame\XShellCodeLoaderSysenter\Sysenter.cpp(40,95): warning C4838: 从“int”转换到“char”需要收缩转换
D:\projects\ShellCodeFrame\XShellCodeLoaderSysenter\Sysenter.cpp(40,95): warning C4309: “初始化”: 截断常量值
D:\projects\ShellCodeFrame\XShellCodeLoaderSysenter\Sysenter.cpp(41,11): warning C4838: 从“int”转换到“char”需要收缩转换
D:\projects\ShellCodeFrame\XShellCodeLoaderSysenter\Sysenter.cpp(41,11): warning C4309: “初始化”: 截断常量值
D:\projects\ShellCodeFrame\XShellCodeLoaderSysenter\Sysenter.cpp(41,47): warning C4838: 从“int”转换到“char”需要收缩转换
D:\projects\ShellCodeFrame\XShellCodeLoaderSysenter\Sysenter.cpp(41,47): warning C4309: “初始化”: 截断常量值
D:\projects\ShellCodeFrame\XShellCodeLoaderSysenter\Sysenter.cpp(41,53): warning C4838: 从“int”转换到“char”需要收缩转换
D:\projects\ShellCodeFrame\XShellCodeLoaderSysenter\Sysenter.cpp(41,53): warning C4309: “初始化”: 截断常量值
D:\projects\ShellCodeFrame\XShellCodeLoaderSysenter\Sysenter.cpp(41,59): warning C4838: 从“int”转换到“char”需要收缩转换
D:\projects\ShellCodeFrame\XShellCodeLoaderSysenter\Sysenter.cpp(41,59): warning C4309: “初始化”: 截断常量值
D:\projects\ShellCodeFrame\XShellCodeLoaderSysenter\Sysenter.cpp(41,65): warning C4838: 从“int”转换到“char”需要收缩转换
D:\projects\ShellCodeFrame\XShellCodeLoaderSysenter\Sysenter.cpp(41,65): warning C4309: “初始化”: 截断常量值
D:\projects\ShellCodeFrame\XShellCodeLoaderSysenter\Sysenter.cpp(41,71): warning C4838: 从“int”转换到“char”需要收缩转换
D:\projects\ShellCodeFrame\XShellCodeLoaderSysenter\Sysenter.cpp(41,71): warning C4309: “初始化”: 截断常量值
D:\projects\ShellCodeFrame\XShellCodeLoaderSysenter\Sysenter.cpp(41,89): warning C4838: 从“int”转换到“char”需要收缩转换
D:\projects\ShellCodeFrame\XShellCodeLoaderSysenter\Sysenter.cpp(41,89): warning C4309: “初始化”: 截断常量值
D:\projects\ShellCodeFrame\XShellCodeLoaderSysenter\Sysenter.cpp(42,5): warning C4838: 从“int”转换到“char”需要收缩转换
D:\projects\ShellCodeFrame\XShellCodeLoaderSysenter\Sysenter.cpp(42,5): warning C4309: “初始化”: 截断常量值
D:\projects\ShellCodeFrame\XShellCodeLoaderSysenter\Sysenter.cpp(42,11): warning C4838: 从“int”转换到“char”需要收缩转换
D:\projects\ShellCodeFrame\XShellCodeLoaderSysenter\Sysenter.cpp(42,11): warning C4309: “初始化”: 截断常量值
D:\projects\ShellCodeFrame\XShellCodeLoaderSysenter\Sysenter.cpp(42,17): warning C4838: 从“int”转换到“char”需要收缩转换
D:\projects\ShellCodeFrame\XShellCodeLoaderSysenter\Sysenter.cpp(42,17): warning C4309: “初始化”: 截断常量值
D:\projects\ShellCodeFrame\XShellCodeLoaderSysenter\Sysenter.cpp(42,29): warning C4838: 从“int”转换到“char”需要收缩转换
D:\projects\ShellCodeFrame\XShellCodeLoaderSysenter\Sysenter.cpp(42,29): warning C4309: “初始化”: 截断常量值
D:\projects\ShellCodeFrame\XShellCodeLoaderSysenter\Sysenter.cpp(42,41): warning C4838: 从“int”转换到“char”需要收缩转换
D:\projects\ShellCodeFrame\XShellCodeLoaderSysenter\Sysenter.cpp(42,41): warning C4309: “初始化”: 截断常量值
D:\projects\ShellCodeFrame\XShellCodeLoaderSysenter\Sysenter.cpp(42,53): warning C4838: 从“int”转换到“char”需要收缩转换
D:\projects\ShellCodeFrame\XShellCodeLoaderSysenter\Sysenter.cpp(42,53): warning C4309: “初始化”: 截断常量值
D:\projects\ShellCodeFrame\XShellCodeLoaderSysenter\Sysenter.cpp(42,59): warning C4838: 从“int”转换到“char”需要收缩转换
D:\projects\ShellCodeFrame\XShellCodeLoaderSysenter\Sysenter.cpp(42,59): warning C4309: “初始化”: 截断常量值
D:\projects\ShellCodeFrame\XShellCodeLoaderSysenter\Sysenter.cpp(42,71): warning C4838: 从“int”转换到“char”需要收缩转换
D:\projects\ShellCodeFrame\XShellCodeLoaderSysenter\Sysenter.cpp(42,71): warning C4309: “初始化”: 截断常量值
D:\projects\ShellCodeFrame\XShellCodeLoaderSysenter\Sysenter.cpp(42,77): warning C4838: 从“int”转换到“char”需要收缩转换
D:\projects\ShellCodeFrame\XShellCodeLoaderSysenter\Sysenter.cpp(42,77): warning C4309: “初始化”: 截断常量值
D:\projects\ShellCodeFrame\XShellCodeLoaderSysenter\Sysenter.cpp(42,95): warning C4838: 从“int”转换到“char”需要收缩转换
D:\projects\ShellCodeFrame\XShellCodeLoaderSysenter\Sysenter.cpp(42,95): warning C4309: “初始化”: 截断常量值
D:\projects\ShellCodeFrame\XShellCodeLoaderSysenter\Sysenter.cpp(43,23): warning C4838: 从“int”转换到“char”需要收缩转换
D:\projects\ShellCodeFrame\XShellCodeLoaderSysenter\Sysenter.cpp(43,23): warning C4309: “初始化”: 截断常量值
D:\projects\ShellCodeFrame\XShellCodeLoaderSysenter\Sysenter.cpp(43,47): warning C4838: 从“int”转换到“char”需要收缩转换
D:\projects\ShellCodeFrame\XShellCodeLoaderSysenter\Sysenter.cpp(43,47): warning C4309: “初始化”: 截断常量值
D:\projects\ShellCodeFrame\XShellCodeLoaderSysenter\Sysenter.cpp(43,53): warning C4838: 从“int”转换到“char”需要收缩转换
D:\projects\ShellCodeFrame\XShellCodeLoaderSysenter\Sysenter.cpp(43,53): warning C4309: “初始化”: 截断常量值
D:\projects\ShellCodeFrame\XShellCodeLoaderSysenter\Sysenter.cpp(43,59): warning C4838: 从“int”转换到“char”需要收缩转换
D:\projects\ShellCodeFrame\XShellCodeLoaderSysenter\Sysenter.cpp(43,59): warning C4309: “初始化”: 截断常量值
D:\projects\ShellCodeFrame\XShellCodeLoaderSysenter\Sysenter.cpp(43,71): warning C4838: 从“int”转换到“char”需要收缩转换
D:\projects\ShellCodeFrame\XShellCodeLoaderSysenter\Sysenter.cpp(43,71): warning C4309: “初始化”: 截断常量值
D:\projects\ShellCodeFrame\XShellCodeLoaderSysenter\Sysenter.cpp(43,77): warning C4838: 从“int”转换到“char”需要收缩转换
D:\projects\ShellCodeFrame\XShellCodeLoaderSysenter\Sysenter.cpp(43,77): warning C4309: “初始化”: 截断常量值
D:\projects\ShellCodeFrame\XShellCodeLoaderSysenter\Sysenter.cpp(43,83): warning C4838: 从“int”转换到“char”需要收缩转换
D:\projects\ShellCodeFrame\XShellCodeLoaderSysenter\Sysenter.cpp(43,83): warning C4309: “初始化”: 截断常量值
D:\projects\ShellCodeFrame\XShellCodeLoaderSysenter\Sysenter.cpp(43,95): warning C4838: 从“int”转换到“char”需要收缩转换
D:\projects\ShellCodeFrame\XShellCodeLoaderSysenter\Sysenter.cpp(43,95): warning C4309: “初始化”: 截断常量值
D:\projects\ShellCodeFrame\XShellCodeLoaderSysenter\Sysenter.cpp(44,35): warning C4838: 从“int”转换到“char”需要收缩转换
D:\projects\ShellCodeFrame\XShellCodeLoaderSysenter\Sysenter.cpp(44,35): warning C4309: “初始化”: 截断常量值
D:\projects\ShellCodeFrame\XShellCodeLoaderSysenter\Sysenter.cpp(44,41): warning C4838: 从“int”转换到“char”需要收缩转换
D:\projects\ShellCodeFrame\XShellCodeLoaderSysenter\Sysenter.cpp(44,41): warning C4309: “初始化”: 截断常量值
D:\projects\ShellCodeFrame\XShellCodeLoaderSysenter\Sysenter.cpp(44,53): warning C4838: 从“int”转换到“char”需要收缩转换
D:\projects\ShellCodeFrame\XShellCodeLoaderSysenter\Sysenter.cpp(44,53): warning C4309: “初始化”: 截断常量值
D:\projects\ShellCodeFrame\XShellCodeLoaderSysenter\Sysenter.cpp(44,59): warning C4838: 从“int”转换到“char”需要收缩转换
D:\projects\ShellCodeFrame\XShellCodeLoaderSysenter\Sysenter.cpp(44,59): warning C4309: “初始化”: 截断常量值
D:\projects\ShellCodeFrame\XShellCodeLoaderSysenter\Sysenter.cpp(44,65): warning C4838: 从“int”转换到“char”需要收缩转换
D:\projects\ShellCodeFrame\XShellCodeLoaderSysenter\Sysenter.cpp(44,65): warning C4309: “初始化”: 截断常量值
D:\projects\ShellCodeFrame\XShellCodeLoaderSysenter\Sysenter.cpp(44,83): warning C4838: 从“int”转换到“char”需要收缩转换
D:\projects\ShellCodeFrame\XShellCodeLoaderSysenter\Sysenter.cpp(44,83): warning C4309: “初始化”: 截断常量值
D:\projects\ShellCodeFrame\XShellCodeLoaderSysenter\Sysenter.cpp(44,89): warning C4838: 从“int”转换到“char”需要收缩转换
D:\projects\ShellCodeFrame\XShellCodeLoaderSysenter\Sysenter.cpp(44,89): warning C4309: “初始化”: 截断常量值
D:\projects\ShellCodeFrame\XShellCodeLoaderSysenter\Sysenter.cpp(45,5): warning C4838: 从“int”转换到“char”需要收缩转换
D:\projects\ShellCodeFrame\XShellCodeLoaderSysenter\Sysenter.cpp(45,5): warning C4309: “初始化”: 截断常量值
D:\projects\ShellCodeFrame\XShellCodeLoaderSysenter\Sysenter.cpp(45,11): warning C4838: 从“int”转换到“char”需要收缩转换
D:\projects\ShellCodeFrame\XShellCodeLoaderSysenter\Sysenter.cpp(45,11): warning C4309: “初始化”: 截断常量值
D:\projects\ShellCodeFrame\XShellCodeLoaderSysenter\Sysenter.cpp(45,35): warning C4838: 从“int”转换到“char”需要收缩转换
D:\projects\ShellCodeFrame\XShellCodeLoaderSysenter\Sysenter.cpp(45,35): warning C4309: “初始化”: 截断常量值
D:\projects\ShellCodeFrame\XShellCodeLoaderSysenter\Sysenter.cpp(45,47): warning C4838: 从“int”转换到“char”需要收缩转换
D:\projects\ShellCodeFrame\XShellCodeLoaderSysenter\Sysenter.cpp(45,47): warning C4309: “初始化”: 截断常量值
D:\projects\ShellCodeFrame\XShellCodeLoaderSysenter\Sysenter.cpp(45,65): warning C4838: 从“int”转换到“char”需要收缩转换
D:\projects\ShellCodeFrame\XShellCodeLoaderSysenter\Sysenter.cpp(45,65): warning C4309: “初始化”: 截断常量值
D:\projects\ShellCodeFrame\XShellCodeLoaderSysenter\Sysenter.cpp(45,77): warning C4838: 从“int”转换到“char”需要收缩转换
D:\projects\ShellCodeFrame\XShellCodeLoaderSysenter\Sysenter.cpp(45,77): warning C4309: “初始化”: 截断常量值
D:\projects\ShellCodeFrame\XShellCodeLoaderSysenter\Sysenter.cpp(45,83): warning C4838: 从“int”转换到“char”需要收缩转换
D:\projects\ShellCodeFrame\XShellCodeLoaderSysenter\Sysenter.cpp(45,83): warning C4309: “初始化”: 截断常量值
D:\projects\ShellCodeFrame\XShellCodeLoaderSysenter\Sysenter.cpp(45,95): warning C4838: 从“int”转换到“char”需要收缩转换
D:\projects\ShellCodeFrame\XShellCodeLoaderSysenter\Sysenter.cpp(45,95): warning C4309: “初始化”: 截断常量值
D:\projects\ShellCodeFrame\XShellCodeLoaderSysenter\Sysenter.cpp(46,5): warning C4838: 从“int”转换到“char”需要收缩转换
D:\projects\ShellCodeFrame\XShellCodeLoaderSysenter\Sysenter.cpp(46,5): warning C4309: “初始化”: 截断常量值
D:\projects\ShellCodeFrame\XShellCodeLoaderSysenter\Sysenter.cpp(46,11): warning C4838: 从“int”转换到“char”需要收缩转换
D:\projects\ShellCodeFrame\XShellCodeLoaderSysenter\Sysenter.cpp(46,11): warning C4309: “初始化”: 截断常量值
D:\projects\ShellCodeFrame\XShellCodeLoaderSysenter\Sysenter.cpp(46,29): warning C4838: 从“int”转换到“char”需要收缩转换
D:\projects\ShellCodeFrame\XShellCodeLoaderSysenter\Sysenter.cpp(46,29): warning C4309: “初始化”: 截断常量值
D:\projects\ShellCodeFrame\XShellCodeLoaderSysenter\Sysenter.cpp(46,41): warning C4838: 从“int”转换到“char”需要收缩转换
D:\projects\ShellCodeFrame\XShellCodeLoaderSysenter\Sysenter.cpp(46,41): warning C4309: “初始化”: 截断常量值
D:\projects\ShellCodeFrame\XShellCodeLoaderSysenter\Sysenter.cpp(46,47): warning C4838: 从“int”转换到“char”需要收缩转换
D:\projects\ShellCodeFrame\XShellCodeLoaderSysenter\Sysenter.cpp(46,47): warning C4309: “初始化”: 截断常量值
D:\projects\ShellCodeFrame\XShellCodeLoaderSysenter\Sysenter.cpp(46,59): warning C4838: 从“int”转换到“char”需要收缩转换
D:\projects\ShellCodeFrame\XShellCodeLoaderSysenter\Sysenter.cpp(46,59): warning C4309: “初始化”: 截断常量值
D:\projects\ShellCodeFrame\XShellCodeLoaderSysenter\Sysenter.cpp(46,65): warning C4838: 从“int”转换到“char”需要收缩转换
D:\projects\ShellCodeFrame\XShellCodeLoaderSysenter\Sysenter.cpp(46,65): warning C4309: “初始化”: 截断常量值
D:\projects\ShellCodeFrame\XShellCodeLoaderSysenter\Sysenter.cpp(46,83): warning C4838: 从“int”转换到“char”需要收缩转换
D:\projects\ShellCodeFrame\XShellCodeLoaderSysenter\Sysenter.cpp(46,83): warning C4309: “初始化”: 截断常量值
D:\projects\ShellCodeFrame\XShellCodeLoaderSysenter\Sysenter.cpp(46,89): warning C4838: 从“int”转换到“char”需要收缩转换
D:\projects\ShellCodeFrame\XShellCodeLoaderSysenter\Sysenter.cpp(46,89): warning C4309: “初始化”: 截断常量值
D:\projects\ShellCodeFrame\XShellCodeLoaderSysenter\Sysenter.cpp(47,5): warning C4838: 从“int”转换到“char”需要收缩转换
D:\projects\ShellCodeFrame\XShellCodeLoaderSysenter\Sysenter.cpp(47,5): warning C4309: “初始化”: 截断常量值
D:\projects\ShellCodeFrame\XShellCodeLoaderSysenter\Sysenter.cpp(47,23): warning C4838: 从“int”转换到“char”需要收缩转换
D:\projects\ShellCodeFrame\XShellCodeLoaderSysenter\Sysenter.cpp(47,23): warning C4309: “初始化”: 截断常量值
D:\projects\ShellCodeFrame\XShellCodeLoaderSysenter\Sysenter.cpp(47,29): warning C4838: 从“int”转换到“char”需要收缩转换
D:\projects\ShellCodeFrame\XShellCodeLoaderSysenter\Sysenter.cpp(47,29): warning C4309: “初始化”: 截断常量值
D:\projects\ShellCodeFrame\XShellCodeLoaderSysenter\Sysenter.cpp(47,35): warning C4838: 从“int”转换到“char”需要收缩转换
D:\projects\ShellCodeFrame\XShellCodeLoaderSysenter\Sysenter.cpp(47,35): warning C4309: “初始化”: 截断常量值
D:\projects\ShellCodeFrame\XShellCodeLoaderSysenter\Sysenter.cpp(47,83): warning C4838: 从“int”转换到“char”需要收缩转换
D:\projects\ShellCodeFrame\XShellCodeLoaderSysenter\Sysenter.cpp(47,83): warning C4309: “初始化”: 截断常量值
D:\projects\ShellCodeFrame\XShellCodeLoaderSysenter\Sysenter.cpp(48,5): warning C4838: 从“int”转换到“char”需要收缩转换
D:\projects\ShellCodeFrame\XShellCodeLoaderSysenter\Sysenter.cpp(48,5): warning C4309: “初始化”: 截断常量值
D:\projects\ShellCodeFrame\XShellCodeLoaderSysenter\Sysenter.cpp(48,17): warning C4838: 从“int”转换到“char”需要收缩转换
D:\projects\ShellCodeFrame\XShellCodeLoaderSysenter\Sysenter.cpp(48,17): warning C4309: “初始化”: 截断常量值
D:\projects\ShellCodeFrame\XShellCodeLoaderSysenter\Sysenter.cpp(48,35): warning C4838: 从“int”转换到“char”需要收缩转换
D:\projects\ShellCodeFrame\XShellCodeLoaderSysenter\Sysenter.cpp(48,35): warning C4309: “初始化”: 截断常量值
D:\projects\ShellCodeFrame\XShellCodeLoaderSysenter\Sysenter.cpp(48,47): warning C4838: 从“int”转换到“char”需要收缩转换
D:\projects\ShellCodeFrame\XShellCodeLoaderSysenter\Sysenter.cpp(48,47): warning C4309: “初始化”: 截断常量值
D:\projects\ShellCodeFrame\XShellCodeLoaderSysenter\Sysenter.cpp(48,53): warning C4838: 从“int”转换到“char”需要收缩转换
D:\projects\ShellCodeFrame\XShellCodeLoaderSysenter\Sysenter.cpp(48,53): warning C4309: “初始化”: 截断常量值
D:\projects\ShellCodeFrame\XShellCodeLoaderSysenter\Sysenter.cpp(48,71): warning C4838: 从“int”转换到“char”需要收缩转换
D:\projects\ShellCodeFrame\XShellCodeLoaderSysenter\Sysenter.cpp(48,71): warning C4309: “初始化”: 截断常量值
D:\projects\ShellCodeFrame\XShellCodeLoaderSysenter\Sysenter.cpp(48,77): warning C4838: 从“int”转换到“char”需要收缩转换
D:\projects\ShellCodeFrame\XShellCodeLoaderSysenter\Sysenter.cpp(48,77): warning C4309: “初始化”: 截断常量值
D:\projects\ShellCodeFrame\XShellCodeLoaderSysenter\Sysenter.cpp(49,17): warning C4838: 从“int”转换到“char”需要收缩转换
D:\projects\ShellCodeFrame\XShellCodeLoaderSysenter\Sysenter.cpp(49,17): warning C4309: “初始化”: 截断常量值
D:\projects\ShellCodeFrame\XShellCodeLoaderSysenter\Sysenter.cpp(49,23): warning C4838: 从“int”转换到“char”需要收缩转换
D:\projects\ShellCodeFrame\XShellCodeLoaderSysenter\Sysenter.cpp(49,23): warning C4309: “初始化”: 截断常量值
D:\projects\ShellCodeFrame\XShellCodeLoaderSysenter\Sysenter.cpp(49,35): warning C4838: 从“int”转换到“char”需要收缩转换
D:\projects\ShellCodeFrame\XShellCodeLoaderSysenter\Sysenter.cpp(49,35): warning C4309: “初始化”: 截断常量值
D:\projects\ShellCodeFrame\XShellCodeLoaderSysenter\Sysenter.cpp(49,41): warning C4838: 从“int”转换到“char”需要收缩转换
D:\projects\ShellCodeFrame\XShellCodeLoaderSysenter\Sysenter.cpp(49,41): warning C4309: “初始化”: 截断常量值
D:\projects\ShellCodeFrame\XShellCodeLoaderSysenter\Sysenter.cpp(49,47): warning C4838: 从“int”转换到“char”需要收缩转换
D:\projects\ShellCodeFrame\XShellCodeLoaderSysenter\Sysenter.cpp(49,47): warning C4309: “初始化”: 截断常量值
D:\projects\ShellCodeFrame\XShellCodeLoaderSysenter\Sysenter.cpp(49,53): warning C4838: 从“int”转换到“char”需要收缩转换
D:\projects\ShellCodeFrame\XShellCodeLoaderSysenter\Sysenter.cpp(49,53): warning C4309: “初始化”: 截断常量值
D:\projects\ShellCodeFrame\XShellCodeLoaderSysenter\Sysenter.cpp(49,59): warning C4838: 从“int”转换到“char”需要收缩转换
D:\projects\ShellCodeFrame\XShellCodeLoaderSysenter\Sysenter.cpp(49,59): warning C4309: “初始化”: 截断常量值
D:\projects\ShellCodeFrame\XShellCodeLoaderSysenter\Sysenter.cpp(49,71): warning C4838: 从“int”转换到“char”需要收缩转换
D:\projects\ShellCodeFrame\XShellCodeLoaderSysenter\Sysenter.cpp(49,71): warning C4309: “初始化”: 截断常量值
D:\projects\ShellCodeFrame\XShellCodeLoaderSysenter\Sysenter.cpp(49,77): warning C4838: 从“int”转换到“char”需要收缩转换
D:\projects\ShellCodeFrame\XShellCodeLoaderSysenter\Sysenter.cpp(49,77): warning C4309: “初始化”: 截断常量值
D:\projects\ShellCodeFrame\XShellCodeLoaderSysenter\Sysenter.cpp(49,83): warning C4838: 从“int”转换到“char”需要收缩转换
D:\projects\ShellCodeFrame\XShellCodeLoaderSysenter\Sysenter.cpp(49,83): warning C4309: “初始化”: 截断常量值
D:\projects\ShellCodeFrame\XShellCodeLoaderSysenter\Sysenter.cpp(50,11): warning C4838: 从“int”转换到“char”需要收缩转换
D:\projects\ShellCodeFrame\XShellCodeLoaderSysenter\Sysenter.cpp(50,11): warning C4309: “初始化”: 截断常量值
D:\projects\ShellCodeFrame\XShellCodeLoaderSysenter\Sysenter.cpp(50,17): warning C4838: 从“int”转换到“char”需要收缩转换
D:\projects\ShellCodeFrame\XShellCodeLoaderSysenter\Sysenter.cpp(50,17): warning C4309: “初始化”: 截断常量值
D:\projects\ShellCodeFrame\XShellCodeLoaderSysenter\Sysenter.cpp(50,23): warning C4838: 从“int”转换到“char”需要收缩转换
D:\projects\ShellCodeFrame\XShellCodeLoaderSysenter\Sysenter.cpp(50,23): warning C4309: “初始化”: 截断常量值
D:\projects\ShellCodeFrame\XShellCodeLoaderSysenter\Sysenter.cpp(50,29): warning C4838: 从“int”转换到“char”需要收缩转换
D:\projects\ShellCodeFrame\XShellCodeLoaderSysenter\Sysenter.cpp(50,29): warning C4309: “初始化”: 截断常量值
D:\projects\ShellCodeFrame\XShellCodeLoaderSysenter\Sysenter.cpp(50,53): warning C4838: 从“int”转换到“char”需要收缩转换
D:\projects\ShellCodeFrame\XShellCodeLoaderSysenter\Sysenter.cpp(50,53): warning C4309: “初始化”: 截断常量值
D:\projects\ShellCodeFrame\XShellCodeLoaderSysenter\Sysenter.cpp(50,83): warning C4838: 从“int”转换到“char”需要收缩转换
D:\projects\ShellCodeFrame\XShellCodeLoaderSysenter\Sysenter.cpp(50,83): warning C4309: “初始化”: 截断常量值
D:\projects\ShellCodeFrame\XShellCodeLoaderSysenter\Sysenter.cpp(50,95): warning C4838: 从“int”转换到“char”需要收缩转换
D:\projects\ShellCodeFrame\XShellCodeLoaderSysenter\Sysenter.cpp(50,95): warning C4309: “初始化”: 截断常量值
D:\projects\ShellCodeFrame\XShellCodeLoaderSysenter\Sysenter.cpp(51,5): warning C4838: 从“int”转换到“char”需要收缩转换
D:\projects\ShellCodeFrame\XShellCodeLoaderSysenter\Sysenter.cpp(51,5): warning C4309: “初始化”: 截断常量值
D:\projects\ShellCodeFrame\XShellCodeLoaderSysenter\Sysenter.cpp(51,23): warning C4838: 从“int”转换到“char”需要收缩转换
D:\projects\ShellCodeFrame\XShellCodeLoaderSysenter\Sysenter.cpp(51,23): warning C4309: “初始化”: 截断常量值
D:\projects\ShellCodeFrame\XShellCodeLoaderSysenter\Sysenter.cpp(51,29): warning C4838: 从“int”转换到“char”需要收缩转换
D:\projects\ShellCodeFrame\XShellCodeLoaderSysenter\Sysenter.cpp(51,29): warning C4309: “初始化”: 截断常量值
D:\projects\ShellCodeFrame\XShellCodeLoaderSysenter\Sysenter.cpp(51,41): warning C4838: 从“int”转换到“char”需要收缩转换
D:\projects\ShellCodeFrame\XShellCodeLoaderSysenter\Sysenter.cpp(51,41): warning C4309: “初始化”: 截断常量值
D:\projects\ShellCodeFrame\XShellCodeLoaderSysenter\Sysenter.cpp(51,47): warning C4838: 从“int”转换到“char”需要收缩转换
D:\projects\ShellCodeFrame\XShellCodeLoaderSysenter\Sysenter.cpp(51,47): warning C4309: “初始化”: 截断常量值
D:\projects\ShellCodeFrame\XShellCodeLoaderSysenter\Sysenter.cpp(51,53): warning C4838: 从“int”转换到“char”需要收缩转换
D:\projects\ShellCodeFrame\XShellCodeLoaderSysenter\Sysenter.cpp(51,53): warning C4309: “初始化”: 截断常量值
D:\projects\ShellCodeFrame\XShellCodeLoaderSysenter\Sysenter.cpp(51,65): warning C4838: 从“int”转换到“char”需要收缩转换
D:\projects\ShellCodeFrame\XShellCodeLoaderSysenter\Sysenter.cpp(51,65): warning C4309: “初始化”: 截断常量值
D:\projects\ShellCodeFrame\XShellCodeLoaderSysenter\Sysenter.cpp(51,77): warning C4838: 从“int”转换到“char”需要收缩转换
D:\projects\ShellCodeFrame\XShellCodeLoaderSysenter\Sysenter.cpp(51,77): warning C4309: “初始化”: 截断常量值
D:\projects\ShellCodeFrame\XShellCodeLoaderSysenter\Sysenter.cpp(51,89): warning C4838: 从“int”转换到“char”需要收缩转换
D:\projects\ShellCodeFrame\XShellCodeLoaderSysenter\Sysenter.cpp(51,89): warning C4309: “初始化”: 截断常量值
D:\projects\ShellCodeFrame\XShellCodeLoaderSysenter\Sysenter.cpp(52,5): warning C4838: 从“int”转换到“char”需要收缩转换
D:\projects\ShellCodeFrame\XShellCodeLoaderSysenter\Sysenter.cpp(52,5): warning C4309: “初始化”: 截断常量值
D:\projects\ShellCodeFrame\XShellCodeLoaderSysenter\Sysenter.cpp(52,11): warning C4838: 从“int”转换到“char”需要收缩转换
D:\projects\ShellCodeFrame\XShellCodeLoaderSysenter\Sysenter.cpp(52,11): warning C4309: “初始化”: 截断常量值
D:\projects\ShellCodeFrame\XShellCodeLoaderSysenter\Sysenter.cpp(52,23): warning C4838: 从“int”转换到“char”需要收缩转换
D:\projects\ShellCodeFrame\XShellCodeLoaderSysenter\Sysenter.cpp(52,23): warning C4309: “初始化”: 截断常量值
D:\projects\ShellCodeFrame\XShellCodeLoaderSysenter\Sysenter.cpp(52,53): warning C4838: 从“int”转换到“char”需要收缩转换
D:\projects\ShellCodeFrame\XShellCodeLoaderSysenter\Sysenter.cpp(52,53): warning C4309: “初始化”: 截断常量值
D:\projects\ShellCodeFrame\XShellCodeLoaderSysenter\Sysenter.cpp(52,65): warning C4838: 从“int”转换到“char”需要收缩转换
D:\projects\ShellCodeFrame\XShellCodeLoaderSysenter\Sysenter.cpp(52,65): warning C4309: “初始化”: 截断常量值
D:\projects\ShellCodeFrame\XShellCodeLoaderSysenter\Sysenter.cpp(52,71): warning C4838: 从“int”转换到“char”需要收缩转换
D:\projects\ShellCodeFrame\XShellCodeLoaderSysenter\Sysenter.cpp(52,71): warning C4309: “初始化”: 截断常量值
D:\projects\ShellCodeFrame\XShellCodeLoaderSysenter\Sysenter.cpp(52,77): warning C4838: 从“int”转换到“char”需要收缩转换
D:\projects\ShellCodeFrame\XShellCodeLoaderSysenter\Sysenter.cpp(52,77): warning C4309: “初始化”: 截断常量值
D:\projects\ShellCodeFrame\XShellCodeLoaderSysenter\Sysenter.cpp(52,89): warning C4838: 从“int”转换到“char”需要收缩转换
D:\projects\ShellCodeFrame\XShellCodeLoaderSysenter\Sysenter.cpp(52,89): warning C4309: “初始化”: 截断常量值
D:\projects\ShellCodeFrame\XShellCodeLoaderSysenter\Sysenter.cpp(53,5): warning C4838: 从“int”转换到“char”需要收缩转换
D:\projects\ShellCodeFrame\XShellCodeLoaderSysenter\Sysenter.cpp(53,5): warning C4309: “初始化”: 截断常量值
D:\projects\ShellCodeFrame\XShellCodeLoaderSysenter\Sysenter.cpp(53,17): warning C4838: 从“int”转换到“char”需要收缩转换
D:\projects\ShellCodeFrame\XShellCodeLoaderSysenter\Sysenter.cpp(53,17): warning C4309: “初始化”: 截断常量值
D:\projects\ShellCodeFrame\XShellCodeLoaderSysenter\Sysenter.cpp(53,23): warning C4838: 从“int”转换到“char”需要收缩转换
D:\projects\ShellCodeFrame\XShellCodeLoaderSysenter\Sysenter.cpp(53,23): warning C4309: “初始化”: 截断常量值
D:\projects\ShellCodeFrame\XShellCodeLoaderSysenter\Sysenter.cpp(53,29): warning C4838: 从“int”转换到“char”需要收缩转换
D:\projects\ShellCodeFrame\XShellCodeLoaderSysenter\Sysenter.cpp(53,29): warning C4309: “初始化”: 截断常量值
D:\projects\ShellCodeFrame\XShellCodeLoaderSysenter\Sysenter.cpp(53,41): warning C4838: 从“int”转换到“char”需要收缩转换
D:\projects\ShellCodeFrame\XShellCodeLoaderSysenter\Sysenter.cpp(53,41): warning C4309: “初始化”: 截断常量值
D:\projects\ShellCodeFrame\XShellCodeLoaderSysenter\Sysenter.cpp(53,47): warning C4838: 从“int”转换到“char”需要收缩转换
D:\projects\ShellCodeFrame\XShellCodeLoaderSysenter\Sysenter.cpp(53,47): warning C4309: “初始化”: 截断常量值
D:\projects\ShellCodeFrame\XShellCodeLoaderSysenter\Sysenter.cpp(53,59): warning C4838: 从“int”转换到“char”需要收缩转换
D:\projects\ShellCodeFrame\XShellCodeLoaderSysenter\Sysenter.cpp(53,59): warning C4309: “初始化”: 截断常量值
D:\projects\ShellCodeFrame\XShellCodeLoaderSysenter\Sysenter.cpp(53,71): warning C4838: 从“int”转换到“char”需要收缩转换
D:\projects\ShellCodeFrame\XShellCodeLoaderSysenter\Sysenter.cpp(53,71): warning C4309: “初始化”: 截断常量值
D:\projects\ShellCodeFrame\XShellCodeLoaderSysenter\Sysenter.cpp(53,83): warning C4838: 从“int”转换到“char”需要收缩转换
D:\projects\ShellCodeFrame\XShellCodeLoaderSysenter\Sysenter.cpp(53,83): warning C4309: “初始化”: 截断常量值
D:\projects\ShellCodeFrame\XShellCodeLoaderSysenter\Sysenter.cpp(54,5): warning C4838: 从“int”转换到“char”需要收缩转换
D:\projects\ShellCodeFrame\XShellCodeLoaderSysenter\Sysenter.cpp(54,5): warning C4309: “初始化”: 截断常量值
D:\projects\ShellCodeFrame\XShellCodeLoaderSysenter\Sysenter.cpp(54,17): warning C4838: 从“int”转换到“char”需要收缩转换
D:\projects\ShellCodeFrame\XShellCodeLoaderSysenter\Sysenter.cpp(54,17): warning C4309: “初始化”: 截断常量值
D:\projects\ShellCodeFrame\XShellCodeLoaderSysenter\Sysenter.cpp(54,23): warning C4838: 从“int”转换到“char”需要收缩转换
D:\projects\ShellCodeFrame\XShellCodeLoaderSysenter\Sysenter.cpp(54,23): warning C4309: “初始化”: 截断常量值
D:\projects\ShellCodeFrame\XShellCodeLoaderSysenter\Sysenter.cpp(54,35): warning C4838: 从“int”转换到“char”需要收缩转换
D:\projects\ShellCodeFrame\XShellCodeLoaderSysenter\Sysenter.cpp(54,35): warning C4309: “初始化”: 截断常量值
D:\projects\ShellCodeFrame\XShellCodeLoaderSysenter\Sysenter.cpp(54,41): warning C4838: 从“int”转换到“char”需要收缩转换
D:\projects\ShellCodeFrame\XShellCodeLoaderSysenter\Sysenter.cpp(54,41): warning C4309: “初始化”: 截断常量值
D:\projects\ShellCodeFrame\XShellCodeLoaderSysenter\Sysenter.cpp(54,47): warning C4838: 从“int”转换到“char”需要收缩转换
D:\projects\ShellCodeFrame\XShellCodeLoaderSysenter\Sysenter.cpp(54,47): warning C4309: “初始化”: 截断常量值
D:\projects\ShellCodeFrame\XShellCodeLoaderSysenter\Sysenter.cpp(54,59): warning C4838: 从“int”转换到“char”需要收缩转换
D:\projects\ShellCodeFrame\XShellCodeLoaderSysenter\Sysenter.cpp(54,59): warning C4309: “初始化”: 截断常量值
D:\projects\ShellCodeFrame\XShellCodeLoaderSysenter\Sysenter.cpp(54,65): warning C4838: 从“int”转换到“char”需要收缩转换
D:\projects\ShellCodeFrame\XShellCodeLoaderSysenter\Sysenter.cpp(54,65): warning C4309: “初始化”: 截断常量值
D:\projects\ShellCodeFrame\XShellCodeLoaderSysenter\Sysenter.cpp(54,71): warning C4838: 从“int”转换到“char”需要收缩转换
D:\projects\ShellCodeFrame\XShellCodeLoaderSysenter\Sysenter.cpp(54,71): warning C4309: “初始化”: 截断常量值
D:\projects\ShellCodeFrame\XShellCodeLoaderSysenter\Sysenter.cpp(54,83): warning C4838: 从“int”转换到“char”需要收缩转换
D:\projects\ShellCodeFrame\XShellCodeLoaderSysenter\Sysenter.cpp(54,83): warning C4309: “初始化”: 截断常量值
D:\projects\ShellCodeFrame\XShellCodeLoaderSysenter\Sysenter.cpp(54,89): warning C4838: 从“int”转换到“char”需要收缩转换
D:\projects\ShellCodeFrame\XShellCodeLoaderSysenter\Sysenter.cpp(54,89): warning C4309: “初始化”: 截断常量值
D:\projects\ShellCodeFrame\XShellCodeLoaderSysenter\Sysenter.cpp(54,95): warning C4838: 从“int”转换到“char”需要收缩转换
D:\projects\ShellCodeFrame\XShellCodeLoaderSysenter\Sysenter.cpp(54,95): warning C4309: “初始化”: 截断常量值
D:\projects\ShellCodeFrame\XShellCodeLoaderSysenter\Sysenter.cpp(55,11): warning C4838: 从“int”转换到“char”需要收缩转换
D:\projects\ShellCodeFrame\XShellCodeLoaderSysenter\Sysenter.cpp(55,11): warning C4309: “初始化”: 截断常量值
D:\projects\ShellCodeFrame\XShellCodeLoaderSysenter\Sysenter.cpp(55,17): warning C4838: 从“int”转换到“char”需要收缩转换
D:\projects\ShellCodeFrame\XShellCodeLoaderSysenter\Sysenter.cpp(55,17): warning C4309: “初始化”: 截断常量值
D:\projects\ShellCodeFrame\XShellCodeLoaderSysenter\Sysenter.cpp(55,23): warning C4838: 从“int”转换到“char”需要收缩转换
D:\projects\ShellCodeFrame\XShellCodeLoaderSysenter\Sysenter.cpp(55,23): warning C4309: “初始化”: 截断常量值
D:\projects\ShellCodeFrame\XShellCodeLoaderSysenter\Sysenter.cpp(55,29): warning C4838: 从“int”转换到“char”需要收缩转换
D:\projects\ShellCodeFrame\XShellCodeLoaderSysenter\Sysenter.cpp(55,29): warning C4309: “初始化”: 截断常量值
D:\projects\ShellCodeFrame\XShellCodeLoaderSysenter\Sysenter.cpp(55,41): warning C4838: 从“int”转换到“char”需要收缩转换
D:\projects\ShellCodeFrame\XShellCodeLoaderSysenter\Sysenter.cpp(55,41): warning C4309: “初始化”: 截断常量值
D:\projects\ShellCodeFrame\XShellCodeLoaderSysenter\Sysenter.cpp(55,47): warning C4838: 从“int”转换到“char”需要收缩转换
D:\projects\ShellCodeFrame\XShellCodeLoaderSysenter\Sysenter.cpp(55,47): warning C4309: “初始化”: 截断常量值
D:\projects\ShellCodeFrame\XShellCodeLoaderSysenter\Sysenter.cpp(55,53): warning C4838: 从“int”转换到“char”需要收缩转换
D:\projects\ShellCodeFrame\XShellCodeLoaderSysenter\Sysenter.cpp(55,53): warning C4309: “初始化”: 截断常量值
D:\projects\ShellCodeFrame\XShellCodeLoaderSysenter\Sysenter.cpp(55,71): warning C4838: 从“int”转换到“char”需要收缩转换
D:\projects\ShellCodeFrame\XShellCodeLoaderSysenter\Sysenter.cpp(55,71): warning C4309: “初始化”: 截断常量值
D:\projects\ShellCodeFrame\XShellCodeLoaderSysenter\Sysenter.cpp(55,77): warning C4838: 从“int”转换到“char”需要收缩转换
D:\projects\ShellCodeFrame\XShellCodeLoaderSysenter\Sysenter.cpp(55,77): warning C4309: “初始化”: 截断常量值
D:\projects\ShellCodeFrame\XShellCodeLoaderSysenter\Sysenter.cpp(56,11): warning C4838: 从“int”转换到“char”需要收缩转换
D:\projects\ShellCodeFrame\XShellCodeLoaderSysenter\Sysenter.cpp(56,11): warning C4309: “初始化”: 截断常量值
D:\projects\ShellCodeFrame\XShellCodeLoaderSysenter\Sysenter.cpp(56,17): warning C4838: 从“int”转换到“char”需要收缩转换
D:\projects\ShellCodeFrame\XShellCodeLoaderSysenter\Sysenter.cpp(56,17): warning C4309: “初始化”: 截断常量值
D:\projects\ShellCodeFrame\XShellCodeLoaderSysenter\Sysenter.cpp(56,29): warning C4838: 从“int”转换到“char”需要收缩转换
D:\projects\ShellCodeFrame\XShellCodeLoaderSysenter\Sysenter.cpp(56,29): warning C4309: “初始化”: 截断常量值
D:\projects\ShellCodeFrame\XShellCodeLoaderSysenter\Sysenter.cpp(56,35): warning C4838: 从“int”转换到“char”需要收缩转换
D:\projects\ShellCodeFrame\XShellCodeLoaderSysenter\Sysenter.cpp(56,35): warning C4309: “初始化”: 截断常量值
D:\projects\ShellCodeFrame\XShellCodeLoaderSysenter\Sysenter.cpp(56,41): warning C4838: 从“int”转换到“char”需要收缩转换
D:\projects\ShellCodeFrame\XShellCodeLoaderSysenter\Sysenter.cpp(56,41): warning C4309: “初始化”: 截断常量值
D:\projects\ShellCodeFrame\XShellCodeLoaderSysenter\Sysenter.cpp(56,47): warning C4838: 从“int”转换到“char”需要收缩转换
D:\projects\ShellCodeFrame\XShellCodeLoaderSysenter\Sysenter.cpp(56,47): warning C4309: “初始化”: 截断常量值
D:\projects\ShellCodeFrame\XShellCodeLoaderSysenter\Sysenter.cpp(56,59): warning C4838: 从“int”转换到“char”需要收缩转换
D:\projects\ShellCodeFrame\XShellCodeLoaderSysenter\Sysenter.cpp(56,59): warning C4309: “初始化”: 截断常量值
D:\projects\ShellCodeFrame\XShellCodeLoaderSysenter\Sysenter.cpp(56,71): warning C4838: 从“int”转换到“char”需要收缩转换
D:\projects\ShellCodeFrame\XShellCodeLoaderSysenter\Sysenter.cpp(56,71): warning C4309: “初始化”: 截断常量值
D:\projects\ShellCodeFrame\XShellCodeLoaderSysenter\Sysenter.cpp(56,77): warning C4838: 从“int”转换到“char”需要收缩转换
D:\projects\ShellCodeFrame\XShellCodeLoaderSysenter\Sysenter.cpp(56,77): warning C4309: “初始化”: 截断常量值
D:\projects\ShellCodeFrame\XShellCodeLoaderSysenter\Sysenter.cpp(56,95): warning C4838: 从“int”转换到“char”需要收缩转换
D:\projects\ShellCodeFrame\XShellCodeLoaderSysenter\Sysenter.cpp(56,95): warning C4309: “初始化”: 截断常量值
D:\projects\ShellCodeFrame\XShellCodeLoaderSysenter\Sysenter.cpp(57,29): warning C4838: 从“int”转换到“char”需要收缩转换
D:\projects\ShellCodeFrame\XShellCodeLoaderSysenter\Sysenter.cpp(57,29): warning C4309: “初始化”: 截断常量值
D:\projects\ShellCodeFrame\XShellCodeLoaderSysenter\Sysenter.cpp(57,41): warning C4838: 从“int”转换到“char”需要收缩转换
D:\projects\ShellCodeFrame\XShellCodeLoaderSysenter\Sysenter.cpp(57,41): warning C4309: “初始化”: 截断常量值
D:\projects\ShellCodeFrame\XShellCodeLoaderSysenter\Sysenter.cpp(57,47): warning C4838: 从“int”转换到“char”需要收缩转换
D:\projects\ShellCodeFrame\XShellCodeLoaderSysenter\Sysenter.cpp(57,47): warning C4309: “初始化”: 截断常量值
D:\projects\ShellCodeFrame\XShellCodeLoaderSysenter\Sysenter.cpp(57,53): warning C4838: 从“int”转换到“char”需要收缩转换
D:\projects\ShellCodeFrame\XShellCodeLoaderSysenter\Sysenter.cpp(57,53): warning C4309: “初始化”: 截断常量值
D:\projects\ShellCodeFrame\XShellCodeLoaderSysenter\Sysenter.cpp(57,59): warning C4838: 从“int”转换到“char”需要收缩转换
D:\projects\ShellCodeFrame\XShellCodeLoaderSysenter\Sysenter.cpp(57,59): warning C4309: “初始化”: 截断常量值
D:\projects\ShellCodeFrame\XShellCodeLoaderSysenter\Sysenter.cpp(57,77): warning C4838: 从“int”转换到“char”需要收缩转换
D:\projects\ShellCodeFrame\XShellCodeLoaderSysenter\Sysenter.cpp(57,77): warning C4309: “初始化”: 截断常量值
D:\projects\ShellCodeFrame\XShellCodeLoaderSysenter\Sysenter.cpp(57,83): warning C4838: 从“int”转换到“char”需要收缩转换
D:\projects\ShellCodeFrame\XShellCodeLoaderSysenter\Sysenter.cpp(57,83): warning C4309: “初始化”: 截断常量值
D:\projects\ShellCodeFrame\XShellCodeLoaderSysenter\Sysenter.cpp(57,89): warning C4838: 从“int”转换到“char”需要收缩转换
D:\projects\ShellCodeFrame\XShellCodeLoaderSysenter\Sysenter.cpp(57,89): warning C4309: “初始化”: 截断常量值
D:\projects\ShellCodeFrame\XShellCodeLoaderSysenter\Sysenter.cpp(58,23): warning C4838: 从“int”转换到“char”需要收缩转换
D:\projects\ShellCodeFrame\XShellCodeLoaderSysenter\Sysenter.cpp(58,23): warning C4309: “初始化”: 截断常量值
D:\projects\ShellCodeFrame\XShellCodeLoaderSysenter\Sysenter.cpp(58,35): warning C4838: 从“int”转换到“char”需要收缩转换
D:\projects\ShellCodeFrame\XShellCodeLoaderSysenter\Sysenter.cpp(58,35): warning C4309: “初始化”: 截断常量值
D:\projects\ShellCodeFrame\XShellCodeLoaderSysenter\Sysenter.cpp(58,41): warning C4838: 从“int”转换到“char”需要收缩转换
D:\projects\ShellCodeFrame\XShellCodeLoaderSysenter\Sysenter.cpp(58,41): warning C4309: “初始化”: 截断常量值
D:\projects\ShellCodeFrame\XShellCodeLoaderSysenter\Sysenter.cpp(58,53): warning C4838: 从“int”转换到“char”需要收缩转换
D:\projects\ShellCodeFrame\XShellCodeLoaderSysenter\Sysenter.cpp(58,53): warning C4309: “初始化”: 截断常量值
D:\projects\ShellCodeFrame\XShellCodeLoaderSysenter\Sysenter.cpp(58,59): warning C4838: 从“int”转换到“char”需要收缩转换
D:\projects\ShellCodeFrame\XShellCodeLoaderSysenter\Sysenter.cpp(58,59): warning C4309: “初始化”: 截断常量值
D:\projects\ShellCodeFrame\XShellCodeLoaderSysenter\Sysenter.cpp(58,65): warning C4838: 从“int”转换到“char”需要收缩转换
D:\projects\ShellCodeFrame\XShellCodeLoaderSysenter\Sysenter.cpp(58,65): warning C4309: “初始化”: 截断常量值
D:\projects\ShellCodeFrame\XShellCodeLoaderSysenter\Sysenter.cpp(58,77): warning C4838: 从“int”转换到“char”需要收缩转换
D:\projects\ShellCodeFrame\XShellCodeLoaderSysenter\Sysenter.cpp(58,77): warning C4309: “初始化”: 截断常量值
D:\projects\ShellCodeFrame\XShellCodeLoaderSysenter\Sysenter.cpp(58,89): warning C4838: 从“int”转换到“char”需要收缩转换
D:\projects\ShellCodeFrame\XShellCodeLoaderSysenter\Sysenter.cpp(58,89): warning C4309: “初始化”: 截断常量值
D:\projects\ShellCodeFrame\XShellCodeLoaderSysenter\Sysenter.cpp(58,95): warning C4838: 从“int”转换到“char”需要收缩转换
D:\projects\ShellCodeFrame\XShellCodeLoaderSysenter\Sysenter.cpp(58,95): warning C4309: “初始化”: 截断常量值
D:\projects\ShellCodeFrame\XShellCodeLoaderSysenter\Sysenter.cpp(59,23): warning C4838: 从“int”转换到“char”需要收缩转换
D:\projects\ShellCodeFrame\XShellCodeLoaderSysenter\Sysenter.cpp(59,23): warning C4309: “初始化”: 截断常量值
D:\projects\ShellCodeFrame\XShellCodeLoaderSysenter\Sysenter.cpp(59,35): warning C4838: 从“int”转换到“char”需要收缩转换
D:\projects\ShellCodeFrame\XShellCodeLoaderSysenter\Sysenter.cpp(59,35): warning C4309: “初始化”: 截断常量值
D:\projects\ShellCodeFrame\XShellCodeLoaderSysenter\Sysenter.cpp(59,53): warning C4838: 从“int”转换到“char”需要收缩转换
D:\projects\ShellCodeFrame\XShellCodeLoaderSysenter\Sysenter.cpp(59,53): warning C4309: “初始化”: 截断常量值
D:\projects\ShellCodeFrame\XShellCodeLoaderSysenter\Sysenter.cpp(59,59): warning C4838: 从“int”转换到“char”需要收缩转换
D:\projects\ShellCodeFrame\XShellCodeLoaderSysenter\Sysenter.cpp(59,59): warning C4309: “初始化”: 截断常量值
D:\projects\ShellCodeFrame\XShellCodeLoaderSysenter\Sysenter.cpp(59,65): warning C4838: 从“int”转换到“char”需要收缩转换
D:\projects\ShellCodeFrame\XShellCodeLoaderSysenter\Sysenter.cpp(59,65): warning C4309: “初始化”: 截断常量值
D:\projects\ShellCodeFrame\XShellCodeLoaderSysenter\Sysenter.cpp(59,71): warning C4838: 从“int”转换到“char”需要收缩转换
D:\projects\ShellCodeFrame\XShellCodeLoaderSysenter\Sysenter.cpp(59,71): warning C4309: “初始化”: 截断常量值
D:\projects\ShellCodeFrame\XShellCodeLoaderSysenter\Sysenter.cpp(59,95): warning C4838: 从“int”转换到“char”需要收缩转换
D:\projects\ShellCodeFrame\XShellCodeLoaderSysenter\Sysenter.cpp(59,95): warning C4309: “初始化”: 截断常量值
D:\projects\ShellCodeFrame\XShellCodeLoaderSysenter\Sysenter.cpp(60,5): warning C4838: 从“int”转换到“char”需要收缩转换
D:\projects\ShellCodeFrame\XShellCodeLoaderSysenter\Sysenter.cpp(60,5): warning C4309: “初始化”: 截断常量值
D:\projects\ShellCodeFrame\XShellCodeLoaderSysenter\Sysenter.cpp(60,11): warning C4838: 从“int”转换到“char”需要收缩转换
D:\projects\ShellCodeFrame\XShellCodeLoaderSysenter\Sysenter.cpp(60,11): warning C4309: “初始化”: 截断常量值
D:\projects\ShellCodeFrame\XShellCodeLoaderSysenter\Sysenter.cpp(60,17): warning C4838: 从“int”转换到“char”需要收缩转换
D:\projects\ShellCodeFrame\XShellCodeLoaderSysenter\Sysenter.cpp(60,17): warning C4309: “初始化”: 截断常量值
D:\projects\ShellCodeFrame\XShellCodeLoaderSysenter\Sysenter.cpp(60,23): warning C4838: 从“int”转换到“char”需要收缩转换
D:\projects\ShellCodeFrame\XShellCodeLoaderSysenter\Sysenter.cpp(60,23): warning C4309: “初始化”: 截断常量值
D:\projects\ShellCodeFrame\XShellCodeLoaderSysenter\Sysenter.cpp(60,29): warning C4838: 从“int”转换到“char”需要收缩转换
D:\projects\ShellCodeFrame\XShellCodeLoaderSysenter\Sysenter.cpp(60,29): warning C4309: “初始化”: 截断常量值
D:\projects\ShellCodeFrame\XShellCodeLoaderSysenter\Sysenter.cpp(60,41): warning C4838: 从“int”转换到“char”需要收缩转换
D:\projects\ShellCodeFrame\XShellCodeLoaderSysenter\Sysenter.cpp(60,41): warning C4309: “初始化”: 截断常量值
D:\projects\ShellCodeFrame\XShellCodeLoaderSysenter\Sysenter.cpp(60,77): warning C4838: 从“int”转换到“char”需要收缩转换
D:\projects\ShellCodeFrame\XShellCodeLoaderSysenter\Sysenter.cpp(60,77): warning C4309: “初始化”: 截断常量值
D:\projects\ShellCodeFrame\XShellCodeLoaderSysenter\Sysenter.cpp(61,5): warning C4838: 从“int”转换到“char”需要收缩转换
D:\projects\ShellCodeFrame\XShellCodeLoaderSysenter\Sysenter.cpp(61,5): warning C4309: “初始化”: 截断常量值
D:\projects\ShellCodeFrame\XShellCodeLoaderSysenter\Sysenter.cpp(61,29): warning C4838: 从“int”转换到“char”需要收缩转换
D:\projects\ShellCodeFrame\XShellCodeLoaderSysenter\Sysenter.cpp(61,29): warning C4309: “初始化”: 截断常量值
D:\projects\ShellCodeFrame\XShellCodeLoaderSysenter\Sysenter.cpp(61,47): warning C4838: 从“int”转换到“char”需要收缩转换
D:\projects\ShellCodeFrame\XShellCodeLoaderSysenter\Sysenter.cpp(61,47): warning C4309: “初始化”: 截断常量值
D:\projects\ShellCodeFrame\XShellCodeLoaderSysenter\Sysenter.cpp(61,53): warning C4838: 从“int”转换到“char”需要收缩转换
D:\projects\ShellCodeFrame\XShellCodeLoaderSysenter\Sysenter.cpp(61,53): warning C4309: “初始化”: 截断常量值
D:\projects\ShellCodeFrame\XShellCodeLoaderSysenter\Sysenter.cpp(61,59): warning C4838: 从“int”转换到“char”需要收缩转换
D:\projects\ShellCodeFrame\XShellCodeLoaderSysenter\Sysenter.cpp(61,59): warning C4309: “初始化”: 截断常量值
D:\projects\ShellCodeFrame\XShellCodeLoaderSysenter\Sysenter.cpp(61,65): warning C4838: 从“int”转换到“char”需要收缩转换
D:\projects\ShellCodeFrame\XShellCodeLoaderSysenter\Sysenter.cpp(61,65): warning C4309: “初始化”: 截断常量值
D:\projects\ShellCodeFrame\XShellCodeLoaderSysenter\Sysenter.cpp(61,71): warning C4838: 从“int”转换到“char”需要收缩转换
D:\projects\ShellCodeFrame\XShellCodeLoaderSysenter\Sysenter.cpp(61,71): warning C4309: “初始化”: 截断常量值
D:\projects\ShellCodeFrame\XShellCodeLoaderSysenter\Sysenter.cpp(61,83): warning C4838: 从“int”转换到“char”需要收缩转换
D:\projects\ShellCodeFrame\XShellCodeLoaderSysenter\Sysenter.cpp(61,83): warning C4309: “初始化”: 截断常量值
D:\projects\ShellCodeFrame\XShellCodeLoaderSysenter\Sysenter.cpp(61,89): warning C4838: 从“int”转换到“char”需要收缩转换
D:\projects\ShellCodeFrame\XShellCodeLoaderSysenter\Sysenter.cpp(61,89): warning C4309: “初始化”: 截断常量值
D:\projects\ShellCodeFrame\XShellCodeLoaderSysenter\Sysenter.cpp(61,95): warning C4838: 从“int”转换到“char”需要收缩转换
D:\projects\ShellCodeFrame\XShellCodeLoaderSysenter\Sysenter.cpp(61,95): warning C4309: “初始化”: 截断常量值
D:\projects\ShellCodeFrame\XShellCodeLoaderSysenter\Sysenter.cpp(62,23): warning C4838: 从“int”转换到“char”需要收缩转换
D:\projects\ShellCodeFrame\XShellCodeLoaderSysenter\Sysenter.cpp(62,23): warning C4309: “初始化”: 截断常量值
D:\projects\ShellCodeFrame\XShellCodeLoaderSysenter\Sysenter.cpp(62,47): warning C4838: 从“int”转换到“char”需要收缩转换
D:\projects\ShellCodeFrame\XShellCodeLoaderSysenter\Sysenter.cpp(62,47): warning C4309: “初始化”: 截断常量值
D:\projects\ShellCodeFrame\XShellCodeLoaderSysenter\Sysenter.cpp(62,59): warning C4838: 从“int”转换到“char”需要收缩转换
D:\projects\ShellCodeFrame\XShellCodeLoaderSysenter\Sysenter.cpp(62,59): warning C4309: “初始化”: 截断常量值
D:\projects\ShellCodeFrame\XShellCodeLoaderSysenter\Sysenter.cpp(62,65): warning C4838: 从“int”转换到“char”需要收缩转换
D:\projects\ShellCodeFrame\XShellCodeLoaderSysenter\Sysenter.cpp(62,65): warning C4309: “初始化”: 截断常量值
D:\projects\ShellCodeFrame\XShellCodeLoaderSysenter\Sysenter.cpp(62,71): warning C4838: 从“int”转换到“char”需要收缩转换
D:\projects\ShellCodeFrame\XShellCodeLoaderSysenter\Sysenter.cpp(62,71): warning C4309: “初始化”: 截断常量值
D:\projects\ShellCodeFrame\XShellCodeLoaderSysenter\Sysenter.cpp(62,89): warning C4838: 从“int”转换到“char”需要收缩转换
D:\projects\ShellCodeFrame\XShellCodeLoaderSysenter\Sysenter.cpp(62,89): warning C4309: “初始化”: 截断常量值
D:\projects\ShellCodeFrame\XShellCodeLoaderSysenter\Sysenter.cpp(62,95): warning C4838: 从“int”转换到“char”需要收缩转换
D:\projects\ShellCodeFrame\XShellCodeLoaderSysenter\Sysenter.cpp(62,95): warning C4309: “初始化”: 截断常量值
D:\projects\ShellCodeFrame\XShellCodeLoaderSysenter\Sysenter.cpp(63,5): warning C4838: 从“int”转换到“char”需要收缩转换
D:\projects\ShellCodeFrame\XShellCodeLoaderSysenter\Sysenter.cpp(63,5): warning C4309: “初始化”: 截断常量值
D:\projects\ShellCodeFrame\XShellCodeLoaderSysenter\Sysenter.cpp(63,23): warning C4838: 从“int”转换到“char”需要收缩转换
D:\projects\ShellCodeFrame\XShellCodeLoaderSysenter\Sysenter.cpp(63,23): warning C4309: “初始化”: 截断常量值
D:\projects\ShellCodeFrame\XShellCodeLoaderSysenter\Sysenter.cpp(63,35): warning C4838: 从“int”转换到“char”需要收缩转换
D:\projects\ShellCodeFrame\XShellCodeLoaderSysenter\Sysenter.cpp(63,35): warning C4309: “初始化”: 截断常量值
D:\projects\ShellCodeFrame\XShellCodeLoaderSysenter\Sysenter.cpp(63,41): warning C4838: 从“int”转换到“char”需要收缩转换
D:\projects\ShellCodeFrame\XShellCodeLoaderSysenter\Sysenter.cpp(63,41): warning C4309: “初始化”: 截断常量值
D:\projects\ShellCodeFrame\XShellCodeLoaderSysenter\Sysenter.cpp(63,53): warning C4838: 从“int”转换到“char”需要收缩转换
D:\projects\ShellCodeFrame\XShellCodeLoaderSysenter\Sysenter.cpp(63,53): warning C4309: “初始化”: 截断常量值
D:\projects\ShellCodeFrame\XShellCodeLoaderSysenter\Sysenter.cpp(63,71): warning C4838: 从“int”转换到“char”需要收缩转换
D:\projects\ShellCodeFrame\XShellCodeLoaderSysenter\Sysenter.cpp(63,71): warning C4309: “初始化”: 截断常量值
D:\projects\ShellCodeFrame\XShellCodeLoaderSysenter\Sysenter.cpp(63,89): warning C4838: 从“int”转换到“char”需要收缩转换
D:\projects\ShellCodeFrame\XShellCodeLoaderSysenter\Sysenter.cpp(63,89): warning C4309: “初始化”: 截断常量值
D:\projects\ShellCodeFrame\XShellCodeLoaderSysenter\Sysenter.cpp(64,11): warning C4838: 从“int”转换到“char”需要收缩转换
D:\projects\ShellCodeFrame\XShellCodeLoaderSysenter\Sysenter.cpp(64,11): warning C4309: “初始化”: 截断常量值
D:\projects\ShellCodeFrame\XShellCodeLoaderSysenter\Sysenter.cpp(64,23): warning C4838: 从“int”转换到“char”需要收缩转换
D:\projects\ShellCodeFrame\XShellCodeLoaderSysenter\Sysenter.cpp(64,23): warning C4309: “初始化”: 截断常量值
D:\projects\ShellCodeFrame\XShellCodeLoaderSysenter\Sysenter.cpp(64,29): warning C4838: 从“int”转换到“char”需要收缩转换
D:\projects\ShellCodeFrame\XShellCodeLoaderSysenter\Sysenter.cpp(64,29): warning C4309: “初始化”: 截断常量值
D:\projects\ShellCodeFrame\XShellCodeLoaderSysenter\Sysenter.cpp(64,41): warning C4838: 从“int”转换到“char”需要收缩转换
D:\projects\ShellCodeFrame\XShellCodeLoaderSysenter\Sysenter.cpp(64,41): warning C4309: “初始化”: 截断常量值
D:\projects\ShellCodeFrame\XShellCodeLoaderSysenter\Sysenter.cpp(64,47): warning C4838: 从“int”转换到“char”需要收缩转换
D:\projects\ShellCodeFrame\XShellCodeLoaderSysenter\Sysenter.cpp(64,47): warning C4309: “初始化”: 截断常量值
D:\projects\ShellCodeFrame\XShellCodeLoaderSysenter\Sysenter.cpp(64,71): warning C4838: 从“int”转换到“char”需要收缩转换
D:\projects\ShellCodeFrame\XShellCodeLoaderSysenter\Sysenter.cpp(64,71): warning C4309: “初始化”: 截断常量值
D:\projects\ShellCodeFrame\XShellCodeLoaderSysenter\Sysenter.cpp(64,77): warning C4838: 从“int”转换到“char”需要收缩转换
D:\projects\ShellCodeFrame\XShellCodeLoaderSysenter\Sysenter.cpp(64,77): warning C4309: “初始化”: 截断常量值
D:\projects\ShellCodeFrame\XShellCodeLoaderSysenter\Sysenter.cpp(64,89): warning C4838: 从“int”转换到“char”需要收缩转换
D:\projects\ShellCodeFrame\XShellCodeLoaderSysenter\Sysenter.cpp(64,89): warning C4309: “初始化”: 截断常量值
D:\projects\ShellCodeFrame\XShellCodeLoaderSysenter\Sysenter.cpp(65,17): warning C4838: 从“int”转换到“char”需要收缩转换
D:\projects\ShellCodeFrame\XShellCodeLoaderSysenter\Sysenter.cpp(65,17): warning C4309: “初始化”: 截断常量值
D:\projects\ShellCodeFrame\XShellCodeLoaderSysenter\Sysenter.cpp(65,23): warning C4838: 从“int”转换到“char”需要收缩转换
D:\projects\ShellCodeFrame\XShellCodeLoaderSysenter\Sysenter.cpp(65,23): warning C4309: “初始化”: 截断常量值
D:\projects\ShellCodeFrame\XShellCodeLoaderSysenter\Sysenter.cpp(65,35): warning C4838: 从“int”转换到“char”需要收缩转换
D:\projects\ShellCodeFrame\XShellCodeLoaderSysenter\Sysenter.cpp(65,35): warning C4309: “初始化”: 截断常量值
D:\projects\ShellCodeFrame\XShellCodeLoaderSysenter\Sysenter.cpp(65,41): warning C4838: 从“int”转换到“char”需要收缩转换
D:\projects\ShellCodeFrame\XShellCodeLoaderSysenter\Sysenter.cpp(65,41): warning C4309: “初始化”: 截断常量值
D:\projects\ShellCodeFrame\XShellCodeLoaderSysenter\Sysenter.cpp(65,47): warning C4838: 从“int”转换到“char”需要收缩转换
D:\projects\ShellCodeFrame\XShellCodeLoaderSysenter\Sysenter.cpp(65,47): warning C4309: “初始化”: 截断常量值
D:\projects\ShellCodeFrame\XShellCodeLoaderSysenter\Sysenter.cpp(65,65): warning C4838: 从“int”转换到“char”需要收缩转换
D:\projects\ShellCodeFrame\XShellCodeLoaderSysenter\Sysenter.cpp(65,65): warning C4309: “初始化”: 截断常量值
D:\projects\ShellCodeFrame\XShellCodeLoaderSysenter\Sysenter.cpp(65,77): warning C4838: 从“int”转换到“char”需要收缩转换
D:\projects\ShellCodeFrame\XShellCodeLoaderSysenter\Sysenter.cpp(65,77): warning C4309: “初始化”: 截断常量值
D:\projects\ShellCodeFrame\XShellCodeLoaderSysenter\Sysenter.cpp(65,89): warning C4838: 从“int”转换到“char”需要收缩转换
D:\projects\ShellCodeFrame\XShellCodeLoaderSysenter\Sysenter.cpp(65,89): warning C4309: “初始化”: 截断常量值
D:\projects\ShellCodeFrame\XShellCodeLoaderSysenter\Sysenter.cpp(66,5): warning C4838: 从“int”转换到“char”需要收缩转换
D:\projects\ShellCodeFrame\XShellCodeLoaderSysenter\Sysenter.cpp(66,5): warning C4309: “初始化”: 截断常量值
D:\projects\ShellCodeFrame\XShellCodeLoaderSysenter\Sysenter.cpp(66,11): warning C4838: 从“int”转换到“char”需要收缩转换
D:\projects\ShellCodeFrame\XShellCodeLoaderSysenter\Sysenter.cpp(66,11): warning C4309: “初始化”: 截断常量值
D:\projects\ShellCodeFrame\XShellCodeLoaderSysenter\Sysenter.cpp(66,17): warning C4838: 从“int”转换到“char”需要收缩转换
D:\projects\ShellCodeFrame\XShellCodeLoaderSysenter\Sysenter.cpp(66,17): warning C4309: “初始化”: 截断常量值
D:\projects\ShellCodeFrame\XShellCodeLoaderSysenter\Sysenter.cpp(66,29): warning C4838: 从“int”转换到“char”需要收缩转换
D:\projects\ShellCodeFrame\XShellCodeLoaderSysenter\Sysenter.cpp(66,29): warning C4309: “初始化”: 截断常量值
D:\projects\ShellCodeFrame\XShellCodeLoaderSysenter\Sysenter.cpp(66,53): warning C4838: 从“int”转换到“char”需要收缩转换
D:\projects\ShellCodeFrame\XShellCodeLoaderSysenter\Sysenter.cpp(66,53): warning C4309: “初始化”: 截断常量值
D:\projects\ShellCodeFrame\XShellCodeLoaderSysenter\Sysenter.cpp(66,59): warning C4838: 从“int”转换到“char”需要收缩转换
D:\projects\ShellCodeFrame\XShellCodeLoaderSysenter\Sysenter.cpp(66,59): warning C4309: “初始化”: 截断常量值
D:\projects\ShellCodeFrame\XShellCodeLoaderSysenter\Sysenter.cpp(66,89): warning C4838: 从“int”转换到“char”需要收缩转换
D:\projects\ShellCodeFrame\XShellCodeLoaderSysenter\Sysenter.cpp(66,89): warning C4309: “初始化”: 截断常量值
D:\projects\ShellCodeFrame\XShellCodeLoaderSysenter\Sysenter.cpp(67,5): warning C4838: 从“int”转换到“char”需要收缩转换
D:\projects\ShellCodeFrame\XShellCodeLoaderSysenter\Sysenter.cpp(67,5): warning C4309: “初始化”: 截断常量值
D:\projects\ShellCodeFrame\XShellCodeLoaderSysenter\Sysenter.cpp(67,17): warning C4838: 从“int”转换到“char”需要收缩转换
D:\projects\ShellCodeFrame\XShellCodeLoaderSysenter\Sysenter.cpp(67,17): warning C4309: “初始化”: 截断常量值
D:\projects\ShellCodeFrame\XShellCodeLoaderSysenter\Sysenter.cpp(67,35): warning C4838: 从“int”转换到“char”需要收缩转换
D:\projects\ShellCodeFrame\XShellCodeLoaderSysenter\Sysenter.cpp(67,35): warning C4309: “初始化”: 截断常量值
D:\projects\ShellCodeFrame\XShellCodeLoaderSysenter\Sysenter.cpp(67,47): warning C4838: 从“int”转换到“char”需要收缩转换
D:\projects\ShellCodeFrame\XShellCodeLoaderSysenter\Sysenter.cpp(67,47): warning C4309: “初始化”: 截断常量值
D:\projects\ShellCodeFrame\XShellCodeLoaderSysenter\Sysenter.cpp(67,53): warning C4838: 从“int”转换到“char”需要收缩转换
D:\projects\ShellCodeFrame\XShellCodeLoaderSysenter\Sysenter.cpp(67,53): warning C4309: “初始化”: 截断常量值
D:\projects\ShellCodeFrame\XShellCodeLoaderSysenter\Sysenter.cpp(67,65): warning C4838: 从“int”转换到“char”需要收缩转换
D:\projects\ShellCodeFrame\XShellCodeLoaderSysenter\Sysenter.cpp(67,65): warning C4309: “初始化”: 截断常量值
D:\projects\ShellCodeFrame\XShellCodeLoaderSysenter\Sysenter.cpp(67,71): warning C4838: 从“int”转换到“char”需要收缩转换
D:\projects\ShellCodeFrame\XShellCodeLoaderSysenter\Sysenter.cpp(67,71): warning C4309: “初始化”: 截断常量值
D:\projects\ShellCodeFrame\XShellCodeLoaderSysenter\Sysenter.cpp(67,77): warning C4838: 从“int”转换到“char”需要收缩转换
D:\projects\ShellCodeFrame\XShellCodeLoaderSysenter\Sysenter.cpp(67,77): warning C4309: “初始化”: 截断常量值
D:\projects\ShellCodeFrame\XShellCodeLoaderSysenter\Sysenter.cpp(67,95): warning C4838: 从“int”转换到“char”需要收缩转换
D:\projects\ShellCodeFrame\XShellCodeLoaderSysenter\Sysenter.cpp(67,95): warning C4309: “初始化”: 截断常量值
Sysenter.obj : warning LNK4078: 找到多个“.edata”节，它们具有不同的特性(C0400040)
  XShellCodeLoaderSysenter.vcxproj -> D:\projects\ShellCodeFrame\Debug\XShellCodeLoaderSysenter.exe
